2023-03-06 13:53:52,062-[INFO]-from org.hibernate.validator.internal.util.Version in background-preinit 
HV000001: Hibernate Validator 8.0.0.Final

2023-03-06 13:53:52,095-[INFO]-from edu.carroll.dogtag.DogtagAppApplication in restartedMain 
Starting DogtagAppApplication using Java 19.0.2 with PID 1008 (/Users/dustingardner/School Spring 2023/CS-389/build/classes/java/main started by dustingardner in /Users/dustingardner/School Spring 2023/CS-389)

2023-03-06 13:53:52,096-[INFO]-from edu.carroll.dogtag.DogtagAppApplication in restartedMain 
No active profile set, falling back to 1 default profile: "default"

2023-03-06 13:53:52,136-[INFO]-from org.springframework.boot.devtools.env.DevToolsPropertyDefaultsPostProcessor in restartedMain 
Devtools property defaults active! Set 'spring.devtools.add-properties' to 'false' to disable

2023-03-06 13:53:52,137-[INFO]-from org.springframework.boot.devtools.env.DevToolsPropertyDefaultsPostProcessor in restartedMain 
For additional web related logging consider setting the 'logging.level.web' property to 'DEBUG'

2023-03-06 13:53:52,730-[INFO]-from org.springframework.data.repository.config.RepositoryConfigurationDelegate in restartedMain 
Bootstrapping Spring Data JPA repositories in DEFAULT mode.

2023-03-06 13:53:52,794-[INFO]-from org.springframework.data.repository.config.RepositoryConfigurationDelegate in restartedMain 
Finished Spring Data repository scanning in 57 ms. Found 4 JPA repository interfaces.

2023-03-06 13:53:53,283-[INFO]-from org.springframework.boot.web.embedded.tomcat.TomcatWebServer in restartedMain 
Tomcat initialized with port(s): 8080 (http)

2023-03-06 13:53:53,292-[INFO]-from org.apache.coyote.http11.Http11NioProtocol in restartedMain 
Initializing ProtocolHandler ["http-nio-8080"]

2023-03-06 13:53:53,293-[INFO]-from org.apache.catalina.core.StandardService in restartedMain 
Starting service [Tomcat]

2023-03-06 13:53:53,293-[INFO]-from org.apache.catalina.core.StandardEngine in restartedMain 
Starting Servlet engine: [Apache Tomcat/10.1.5]

2023-03-06 13:53:53,344-[INFO]-from org.apache.catalina.core.ContainerBase.[Tomcat].[localhost].[/] in restartedMain 
Initializing Spring embedded WebApplicationContext

2023-03-06 13:53:53,344-[INFO]-from org.springframework.boot.web.servlet.context.ServletWebServerApplicationContext in restartedMain 
Root WebApplicationContext: initialization completed in 1186 ms

2023-03-06 13:53:53,454-[INFO]-from org.hibernate.jpa.internal.util.LogHelper in restartedMain 
HHH000204: Processing PersistenceUnitInfo [name: default]

2023-03-06 13:53:53,493-[INFO]-from org.hibernate.Version in restartedMain 
HHH000412: Hibernate ORM core version 6.1.6.Final

2023-03-06 13:53:53,662-[WARN]-from org.hibernate.orm.deprecation in restartedMain 
HHH90000021: Encountered deprecated setting [javax.persistence.sharedCache.mode], use [jakarta.persistence.sharedCache.mode] instead

2023-03-06 13:53:53,762-[INFO]-from com.zaxxer.hikari.HikariDataSource in restartedMain 
HikariPool-1 - Starting...

2023-03-06 13:53:53,856-[INFO]-from com.zaxxer.hikari.pool.HikariPool in restartedMain 
HikariPool-1 - Added connection org.mariadb.jdbc.Connection@77c29abc

2023-03-06 13:53:53,858-[INFO]-from com.zaxxer.hikari.HikariDataSource in restartedMain 
HikariPool-1 - Start completed.

2023-03-06 13:53:53,878-[INFO]-from SQL dialect in restartedMain 
HHH000400: Using dialect: org.hibernate.dialect.MariaDB103Dialect

2023-03-06 13:53:53,879-[WARN]-from org.hibernate.orm.deprecation in restartedMain 
HHH90000026: MariaDB103Dialect has been deprecated; use org.hibernate.dialect.MariaDBDialect instead

2023-03-06 13:53:54,579-[INFO]-from org.hibernate.engine.transaction.jta.platform.internal.JtaPlatformInitiator in restartedMain 
HHH000490: Using JtaPlatform implementation: [org.hibernate.engine.transaction.jta.platform.internal.NoJtaPlatform]

2023-03-06 13:53:54,586-[INFO]-from org.springframework.orm.jpa.LocalContainerEntityManagerFactoryBean in restartedMain 
Initialized JPA EntityManagerFactory for persistence unit 'default'

2023-03-06 13:53:54,925-[WARN]-from org.springframework.boot.autoconfigure.orm.jpa.JpaBaseConfiguration$JpaWebConfiguration in restartedMain 
spring.jpa.open-in-view is enabled by default. Therefore, database queries may be performed during view rendering. Explicitly configure spring.jpa.open-in-view to disable this warning

2023-03-06 13:53:55,036-[INFO]-from org.springframework.boot.autoconfigure.web.servlet.WelcomePageHandlerMapping in restartedMain 
Adding welcome page template: index

2023-03-06 13:53:55,214-[INFO]-from org.springframework.boot.devtools.autoconfigure.OptionalLiveReloadServer in restartedMain 
LiveReload server is running on port 35729

2023-03-06 13:53:55,230-[INFO]-from org.apache.coyote.http11.Http11NioProtocol in restartedMain 
Starting ProtocolHandler ["http-nio-8080"]

2023-03-06 13:53:55,242-[INFO]-from org.springframework.boot.web.embedded.tomcat.TomcatWebServer in restartedMain 
Tomcat started on port(s): 8080 (http) with context path ''

2023-03-06 13:53:55,250-[INFO]-from edu.carroll.dogtag.DogtagAppApplication in restartedMain 
Started DogtagAppApplication in 3.538 seconds (process running for 4.252)

2023-03-06 13:53:59,480-[INFO]-from org.apache.catalina.core.ContainerBase.[Tomcat].[localhost].[/] in http-nio-8080-exec-1 
Initializing Spring DispatcherServlet 'dispatcherServlet'

2023-03-06 13:53:59,480-[INFO]-from org.springframework.web.servlet.DispatcherServlet in http-nio-8080-exec-1 
Initializing Servlet 'dispatcherServlet'

2023-03-06 13:53:59,482-[INFO]-from org.springframework.web.servlet.DispatcherServlet in http-nio-8080-exec-1 
Completed initialization in 2 ms

2023-03-06 13:54:07,426-[INFO]-from edu.carroll.dogtag.web.controller.RegisterController in http-nio-8080-exec-4 
Register page loaded

2023-03-06 13:54:19,176-[INFO]-from edu.carroll.dogtag.web.controller.RegisterController in http-nio-8080-exec-5 
Logging info for Dustin registration

2023-03-06 13:54:42,894-[INFO]-from org.springframework.orm.jpa.LocalContainerEntityManagerFactoryBean in SpringApplicationShutdownHook 
Closing JPA EntityManagerFactory for persistence unit 'default'

2023-03-06 13:54:42,897-[INFO]-from com.zaxxer.hikari.HikariDataSource in SpringApplicationShutdownHook 
HikariPool-1 - Shutdown initiated...

2023-03-06 13:54:42,900-[INFO]-from com.zaxxer.hikari.HikariDataSource in SpringApplicationShutdownHook 
HikariPool-1 - Shutdown completed.

2023-03-06 14:01:22,444-[INFO]-from org.hibernate.validator.internal.util.Version in background-preinit 
HV000001: Hibernate Validator 8.0.0.Final

2023-03-06 14:01:22,470-[INFO]-from edu.carroll.dogtag.DogtagAppApplication in restartedMain 
Starting DogtagAppApplication using Java 19.0.2 with PID 1066 (/Users/dustingardner/School Spring 2023/CS-389/build/classes/java/main started by dustingardner in /Users/dustingardner/School Spring 2023/CS-389)

2023-03-06 14:01:22,470-[INFO]-from edu.carroll.dogtag.DogtagAppApplication in restartedMain 
No active profile set, falling back to 1 default profile: "default"

2023-03-06 14:01:22,510-[INFO]-from org.springframework.boot.devtools.env.DevToolsPropertyDefaultsPostProcessor in restartedMain 
Devtools property defaults active! Set 'spring.devtools.add-properties' to 'false' to disable

2023-03-06 14:01:22,510-[INFO]-from org.springframework.boot.devtools.env.DevToolsPropertyDefaultsPostProcessor in restartedMain 
For additional web related logging consider setting the 'logging.level.web' property to 'DEBUG'

2023-03-06 14:01:22,995-[INFO]-from org.springframework.data.repository.config.RepositoryConfigurationDelegate in restartedMain 
Bootstrapping Spring Data JPA repositories in DEFAULT mode.

2023-03-06 14:01:23,046-[INFO]-from org.springframework.data.repository.config.RepositoryConfigurationDelegate in restartedMain 
Finished Spring Data repository scanning in 45 ms. Found 4 JPA repository interfaces.

2023-03-06 14:01:23,502-[INFO]-from org.springframework.boot.web.embedded.tomcat.TomcatWebServer in restartedMain 
Tomcat initialized with port(s): 8080 (http)

2023-03-06 14:01:23,511-[INFO]-from org.apache.coyote.http11.Http11NioProtocol in restartedMain 
Initializing ProtocolHandler ["http-nio-8080"]

2023-03-06 14:01:23,511-[INFO]-from org.apache.catalina.core.StandardService in restartedMain 
Starting service [Tomcat]

2023-03-06 14:01:23,511-[INFO]-from org.apache.catalina.core.StandardEngine in restartedMain 
Starting Servlet engine: [Apache Tomcat/10.1.5]

2023-03-06 14:01:23,563-[INFO]-from org.apache.catalina.core.ContainerBase.[Tomcat].[localhost].[/] in restartedMain 
Initializing Spring embedded WebApplicationContext

2023-03-06 14:01:23,563-[INFO]-from org.springframework.boot.web.servlet.context.ServletWebServerApplicationContext in restartedMain 
Root WebApplicationContext: initialization completed in 1053 ms

2023-03-06 14:01:23,674-[INFO]-from org.hibernate.jpa.internal.util.LogHelper in restartedMain 
HHH000204: Processing PersistenceUnitInfo [name: default]

2023-03-06 14:01:23,706-[INFO]-from org.hibernate.Version in restartedMain 
HHH000412: Hibernate ORM core version 6.1.6.Final

2023-03-06 14:01:23,850-[WARN]-from org.hibernate.orm.deprecation in restartedMain 
HHH90000021: Encountered deprecated setting [javax.persistence.sharedCache.mode], use [jakarta.persistence.sharedCache.mode] instead

2023-03-06 14:01:23,934-[INFO]-from com.zaxxer.hikari.HikariDataSource in restartedMain 
HikariPool-1 - Starting...

2023-03-06 14:01:24,001-[INFO]-from com.zaxxer.hikari.pool.HikariPool in restartedMain 
HikariPool-1 - Added connection org.mariadb.jdbc.Connection@333547d8

2023-03-06 14:01:24,002-[INFO]-from com.zaxxer.hikari.HikariDataSource in restartedMain 
HikariPool-1 - Start completed.

2023-03-06 14:01:24,019-[INFO]-from SQL dialect in restartedMain 
HHH000400: Using dialect: org.hibernate.dialect.MariaDB103Dialect

2023-03-06 14:01:24,019-[WARN]-from org.hibernate.orm.deprecation in restartedMain 
HHH90000026: MariaDB103Dialect has been deprecated; use org.hibernate.dialect.MariaDBDialect instead

2023-03-06 14:01:24,632-[INFO]-from org.hibernate.engine.transaction.jta.platform.internal.JtaPlatformInitiator in restartedMain 
HHH000490: Using JtaPlatform implementation: [org.hibernate.engine.transaction.jta.platform.internal.NoJtaPlatform]

2023-03-06 14:01:24,639-[INFO]-from org.springframework.orm.jpa.LocalContainerEntityManagerFactoryBean in restartedMain 
Initialized JPA EntityManagerFactory for persistence unit 'default'

2023-03-06 14:01:24,977-[WARN]-from org.springframework.boot.autoconfigure.orm.jpa.JpaBaseConfiguration$JpaWebConfiguration in restartedMain 
spring.jpa.open-in-view is enabled by default. Therefore, database queries may be performed during view rendering. Explicitly configure spring.jpa.open-in-view to disable this warning

2023-03-06 14:01:25,073-[INFO]-from org.springframework.boot.autoconfigure.web.servlet.WelcomePageHandlerMapping in restartedMain 
Adding welcome page template: index

2023-03-06 14:01:25,229-[INFO]-from org.springframework.boot.devtools.autoconfigure.OptionalLiveReloadServer in restartedMain 
LiveReload server is running on port 35729

2023-03-06 14:01:25,246-[INFO]-from org.apache.coyote.http11.Http11NioProtocol in restartedMain 
Starting ProtocolHandler ["http-nio-8080"]

2023-03-06 14:01:25,257-[INFO]-from org.springframework.boot.web.embedded.tomcat.TomcatWebServer in restartedMain 
Tomcat started on port(s): 8080 (http) with context path ''

2023-03-06 14:01:25,266-[INFO]-from edu.carroll.dogtag.DogtagAppApplication in restartedMain 
Started DogtagAppApplication in 3.148 seconds (process running for 3.851)

2023-03-06 14:01:30,269-[INFO]-from org.apache.catalina.core.ContainerBase.[Tomcat].[localhost].[/] in http-nio-8080-exec-1 
Initializing Spring DispatcherServlet 'dispatcherServlet'

2023-03-06 14:01:30,269-[INFO]-from org.springframework.web.servlet.DispatcherServlet in http-nio-8080-exec-1 
Initializing Servlet 'dispatcherServlet'

2023-03-06 14:01:30,270-[INFO]-from org.springframework.web.servlet.DispatcherServlet in http-nio-8080-exec-1 
Completed initialization in 1 ms

2023-03-06 14:01:30,334-[INFO]-from edu.carroll.dogtag.web.controller.RegisterController in http-nio-8080-exec-1 
Logging info for Dustin registration

2023-03-06 14:03:39,643-[INFO]-from org.springframework.orm.jpa.LocalContainerEntityManagerFactoryBean in SpringApplicationShutdownHook 
Closing JPA EntityManagerFactory for persistence unit 'default'

2023-03-06 14:03:39,645-[INFO]-from com.zaxxer.hikari.HikariDataSource in SpringApplicationShutdownHook 
HikariPool-1 - Shutdown initiated...

2023-03-06 14:03:39,648-[INFO]-from com.zaxxer.hikari.HikariDataSource in SpringApplicationShutdownHook 
HikariPool-1 - Shutdown completed.

2023-03-06 14:03:47,230-[INFO]-from org.hibernate.validator.internal.util.Version in background-preinit 
HV000001: Hibernate Validator 8.0.0.Final

2023-03-06 14:03:47,256-[INFO]-from edu.carroll.dogtag.DogtagAppApplication in restartedMain 
Starting DogtagAppApplication using Java 19.0.2 with PID 1088 (/Users/dustingardner/School Spring 2023/CS-389/build/classes/java/main started by dustingardner in /Users/dustingardner/School Spring 2023/CS-389)

2023-03-06 14:03:47,256-[INFO]-from edu.carroll.dogtag.DogtagAppApplication in restartedMain 
No active profile set, falling back to 1 default profile: "default"

2023-03-06 14:03:47,296-[INFO]-from org.springframework.boot.devtools.env.DevToolsPropertyDefaultsPostProcessor in restartedMain 
Devtools property defaults active! Set 'spring.devtools.add-properties' to 'false' to disable

2023-03-06 14:03:47,296-[INFO]-from org.springframework.boot.devtools.env.DevToolsPropertyDefaultsPostProcessor in restartedMain 
For additional web related logging consider setting the 'logging.level.web' property to 'DEBUG'

2023-03-06 14:03:47,762-[INFO]-from org.springframework.data.repository.config.RepositoryConfigurationDelegate in restartedMain 
Bootstrapping Spring Data JPA repositories in DEFAULT mode.

2023-03-06 14:03:47,816-[INFO]-from org.springframework.data.repository.config.RepositoryConfigurationDelegate in restartedMain 
Finished Spring Data repository scanning in 49 ms. Found 4 JPA repository interfaces.

2023-03-06 14:03:48,215-[INFO]-from org.springframework.boot.web.embedded.tomcat.TomcatWebServer in restartedMain 
Tomcat initialized with port(s): 8080 (http)

2023-03-06 14:03:48,222-[INFO]-from org.apache.coyote.http11.Http11NioProtocol in restartedMain 
Initializing ProtocolHandler ["http-nio-8080"]

2023-03-06 14:03:48,222-[INFO]-from org.apache.catalina.core.StandardService in restartedMain 
Starting service [Tomcat]

2023-03-06 14:03:48,222-[INFO]-from org.apache.catalina.core.StandardEngine in restartedMain 
Starting Servlet engine: [Apache Tomcat/10.1.5]

2023-03-06 14:03:48,264-[INFO]-from org.apache.catalina.core.ContainerBase.[Tomcat].[localhost].[/] in restartedMain 
Initializing Spring embedded WebApplicationContext

2023-03-06 14:03:48,264-[INFO]-from org.springframework.boot.web.servlet.context.ServletWebServerApplicationContext in restartedMain 
Root WebApplicationContext: initialization completed in 967 ms

2023-03-06 14:03:48,368-[INFO]-from org.hibernate.jpa.internal.util.LogHelper in restartedMain 
HHH000204: Processing PersistenceUnitInfo [name: default]

2023-03-06 14:03:48,406-[INFO]-from org.hibernate.Version in restartedMain 
HHH000412: Hibernate ORM core version 6.1.6.Final

2023-03-06 14:03:48,552-[WARN]-from org.hibernate.orm.deprecation in restartedMain 
HHH90000021: Encountered deprecated setting [javax.persistence.sharedCache.mode], use [jakarta.persistence.sharedCache.mode] instead

2023-03-06 14:03:48,627-[INFO]-from com.zaxxer.hikari.HikariDataSource in restartedMain 
HikariPool-1 - Starting...

2023-03-06 14:03:48,671-[INFO]-from com.zaxxer.hikari.pool.HikariPool in restartedMain 
HikariPool-1 - Added connection org.mariadb.jdbc.Connection@67dc47d2

2023-03-06 14:03:48,672-[INFO]-from com.zaxxer.hikari.HikariDataSource in restartedMain 
HikariPool-1 - Start completed.

2023-03-06 14:03:48,686-[INFO]-from SQL dialect in restartedMain 
HHH000400: Using dialect: org.hibernate.dialect.MariaDB103Dialect

2023-03-06 14:03:48,687-[WARN]-from org.hibernate.orm.deprecation in restartedMain 
HHH90000026: MariaDB103Dialect has been deprecated; use org.hibernate.dialect.MariaDBDialect instead

2023-03-06 14:03:49,274-[INFO]-from org.hibernate.engine.transaction.jta.platform.internal.JtaPlatformInitiator in restartedMain 
HHH000490: Using JtaPlatform implementation: [org.hibernate.engine.transaction.jta.platform.internal.NoJtaPlatform]

2023-03-06 14:03:49,280-[INFO]-from org.springframework.orm.jpa.LocalContainerEntityManagerFactoryBean in restartedMain 
Initialized JPA EntityManagerFactory for persistence unit 'default'

2023-03-06 14:03:49,585-[WARN]-from org.springframework.boot.autoconfigure.orm.jpa.JpaBaseConfiguration$JpaWebConfiguration in restartedMain 
spring.jpa.open-in-view is enabled by default. Therefore, database queries may be performed during view rendering. Explicitly configure spring.jpa.open-in-view to disable this warning

2023-03-06 14:03:49,685-[INFO]-from org.springframework.boot.autoconfigure.web.servlet.WelcomePageHandlerMapping in restartedMain 
Adding welcome page template: index

2023-03-06 14:03:49,834-[INFO]-from org.springframework.boot.devtools.autoconfigure.OptionalLiveReloadServer in restartedMain 
LiveReload server is running on port 35729

2023-03-06 14:03:49,851-[INFO]-from org.apache.coyote.http11.Http11NioProtocol in restartedMain 
Starting ProtocolHandler ["http-nio-8080"]

2023-03-06 14:03:49,862-[INFO]-from org.springframework.boot.web.embedded.tomcat.TomcatWebServer in restartedMain 
Tomcat started on port(s): 8080 (http) with context path ''

2023-03-06 14:03:49,870-[INFO]-from edu.carroll.dogtag.DogtagAppApplication in restartedMain 
Started DogtagAppApplication in 2.956 seconds (process running for 3.702)

2023-03-06 14:03:57,649-[INFO]-from org.apache.catalina.core.ContainerBase.[Tomcat].[localhost].[/] in http-nio-8080-exec-1 
Initializing Spring DispatcherServlet 'dispatcherServlet'

2023-03-06 14:03:57,649-[INFO]-from org.springframework.web.servlet.DispatcherServlet in http-nio-8080-exec-1 
Initializing Servlet 'dispatcherServlet'

2023-03-06 14:03:57,650-[INFO]-from org.springframework.web.servlet.DispatcherServlet in http-nio-8080-exec-1 
Completed initialization in 1 ms

2023-03-06 14:03:57,709-[INFO]-from edu.carroll.dogtag.web.controller.RegisterController in http-nio-8080-exec-1 
Logging info for Dustin registration

2023-03-06 14:04:12,625-[INFO]-from edu.carroll.dogtag.web.controller.RegisterController in http-nio-8080-exec-2 
Logging info for Dustin registration

2023-03-06 14:10:39,323-[INFO]-from org.springframework.orm.jpa.LocalContainerEntityManagerFactoryBean in SpringApplicationShutdownHook 
Closing JPA EntityManagerFactory for persistence unit 'default'

2023-03-06 14:10:39,325-[INFO]-from com.zaxxer.hikari.HikariDataSource in SpringApplicationShutdownHook 
HikariPool-1 - Shutdown initiated...

2023-03-06 14:10:39,328-[INFO]-from com.zaxxer.hikari.HikariDataSource in SpringApplicationShutdownHook 
HikariPool-1 - Shutdown completed.

2023-03-06 14:47:33,395-[INFO]-from org.hibernate.validator.internal.util.Version in background-preinit 
HV000001: Hibernate Validator 8.0.0.Final

2023-03-06 14:47:33,422-[INFO]-from edu.carroll.dogtag.DogtagAppApplication in restartedMain 
Starting DogtagAppApplication using Java 19.0.2 with PID 1349 (/Users/dustingardner/School Spring 2023/CS-389/build/classes/java/main started by dustingardner in /Users/dustingardner/School Spring 2023/CS-389)

2023-03-06 14:47:33,422-[INFO]-from edu.carroll.dogtag.DogtagAppApplication in restartedMain 
No active profile set, falling back to 1 default profile: "default"

2023-03-06 14:47:33,464-[INFO]-from org.springframework.boot.devtools.env.DevToolsPropertyDefaultsPostProcessor in restartedMain 
Devtools property defaults active! Set 'spring.devtools.add-properties' to 'false' to disable

2023-03-06 14:47:33,464-[INFO]-from org.springframework.boot.devtools.env.DevToolsPropertyDefaultsPostProcessor in restartedMain 
For additional web related logging consider setting the 'logging.level.web' property to 'DEBUG'

2023-03-06 14:47:33,940-[INFO]-from org.springframework.data.repository.config.RepositoryConfigurationDelegate in restartedMain 
Bootstrapping Spring Data JPA repositories in DEFAULT mode.

2023-03-06 14:47:33,993-[INFO]-from org.springframework.data.repository.config.RepositoryConfigurationDelegate in restartedMain 
Finished Spring Data repository scanning in 47 ms. Found 4 JPA repository interfaces.

2023-03-06 14:47:34,469-[INFO]-from org.springframework.boot.web.embedded.tomcat.TomcatWebServer in restartedMain 
Tomcat initialized with port(s): 8080 (http)

2023-03-06 14:47:34,479-[INFO]-from org.apache.coyote.http11.Http11NioProtocol in restartedMain 
Initializing ProtocolHandler ["http-nio-8080"]

2023-03-06 14:47:34,480-[INFO]-from org.apache.catalina.core.StandardService in restartedMain 
Starting service [Tomcat]

2023-03-06 14:47:34,480-[INFO]-from org.apache.catalina.core.StandardEngine in restartedMain 
Starting Servlet engine: [Apache Tomcat/10.1.5]

2023-03-06 14:47:34,535-[INFO]-from org.apache.catalina.core.ContainerBase.[Tomcat].[localhost].[/] in restartedMain 
Initializing Spring embedded WebApplicationContext

2023-03-06 14:47:34,535-[INFO]-from org.springframework.boot.web.servlet.context.ServletWebServerApplicationContext in restartedMain 
Root WebApplicationContext: initialization completed in 1071 ms

2023-03-06 14:47:34,647-[INFO]-from org.hibernate.jpa.internal.util.LogHelper in restartedMain 
HHH000204: Processing PersistenceUnitInfo [name: default]

2023-03-06 14:47:34,689-[INFO]-from org.hibernate.Version in restartedMain 
HHH000412: Hibernate ORM core version 6.1.6.Final

2023-03-06 14:47:34,823-[WARN]-from org.hibernate.orm.deprecation in restartedMain 
HHH90000021: Encountered deprecated setting [javax.persistence.sharedCache.mode], use [jakarta.persistence.sharedCache.mode] instead

2023-03-06 14:47:34,905-[INFO]-from com.zaxxer.hikari.HikariDataSource in restartedMain 
HikariPool-1 - Starting...

2023-03-06 14:47:34,979-[INFO]-from com.zaxxer.hikari.pool.HikariPool in restartedMain 
HikariPool-1 - Added connection org.mariadb.jdbc.Connection@2eca9236

2023-03-06 14:47:34,981-[INFO]-from com.zaxxer.hikari.HikariDataSource in restartedMain 
HikariPool-1 - Start completed.

2023-03-06 14:47:34,996-[INFO]-from SQL dialect in restartedMain 
HHH000400: Using dialect: org.hibernate.dialect.MariaDB103Dialect

2023-03-06 14:47:34,996-[WARN]-from org.hibernate.orm.deprecation in restartedMain 
HHH90000026: MariaDB103Dialect has been deprecated; use org.hibernate.dialect.MariaDBDialect instead

2023-03-06 14:47:35,583-[INFO]-from org.hibernate.engine.transaction.jta.platform.internal.JtaPlatformInitiator in restartedMain 
HHH000490: Using JtaPlatform implementation: [org.hibernate.engine.transaction.jta.platform.internal.NoJtaPlatform]

2023-03-06 14:47:35,588-[INFO]-from org.springframework.orm.jpa.LocalContainerEntityManagerFactoryBean in restartedMain 
Initialized JPA EntityManagerFactory for persistence unit 'default'

2023-03-06 14:47:35,903-[WARN]-from org.springframework.boot.autoconfigure.orm.jpa.JpaBaseConfiguration$JpaWebConfiguration in restartedMain 
spring.jpa.open-in-view is enabled by default. Therefore, database queries may be performed during view rendering. Explicitly configure spring.jpa.open-in-view to disable this warning

2023-03-06 14:47:36,005-[INFO]-from org.springframework.boot.autoconfigure.web.servlet.WelcomePageHandlerMapping in restartedMain 
Adding welcome page template: index

2023-03-06 14:47:36,153-[INFO]-from org.springframework.boot.devtools.autoconfigure.OptionalLiveReloadServer in restartedMain 
LiveReload server is running on port 35729

2023-03-06 14:47:36,170-[INFO]-from org.apache.coyote.http11.Http11NioProtocol in restartedMain 
Starting ProtocolHandler ["http-nio-8080"]

2023-03-06 14:47:36,183-[INFO]-from org.springframework.boot.web.embedded.tomcat.TomcatWebServer in restartedMain 
Tomcat started on port(s): 8080 (http) with context path ''

2023-03-06 14:47:36,192-[INFO]-from edu.carroll.dogtag.DogtagAppApplication in restartedMain 
Started DogtagAppApplication in 3.141 seconds (process running for 3.919)

2023-03-06 14:47:41,435-[INFO]-from org.apache.catalina.core.ContainerBase.[Tomcat].[localhost].[/] in http-nio-8080-exec-1 
Initializing Spring DispatcherServlet 'dispatcherServlet'

2023-03-06 14:47:41,436-[INFO]-from org.springframework.web.servlet.DispatcherServlet in http-nio-8080-exec-1 
Initializing Servlet 'dispatcherServlet'

2023-03-06 14:47:41,437-[INFO]-from org.springframework.web.servlet.DispatcherServlet in http-nio-8080-exec-1 
Completed initialization in 1 ms

2023-03-06 14:47:46,438-[INFO]-from edu.carroll.dogtag.web.controller.RegisterController in http-nio-8080-exec-3 
Register page loaded

2023-03-06 14:47:48,407-[INFO]-from edu.carroll.dogtag.web.controller.RegisterController in http-nio-8080-exec-4 
Logging info for  registration

2023-03-06 14:50:09,501-[INFO]-from org.springframework.orm.jpa.LocalContainerEntityManagerFactoryBean in SpringApplicationShutdownHook 
Closing JPA EntityManagerFactory for persistence unit 'default'

2023-03-06 14:50:09,503-[INFO]-from com.zaxxer.hikari.HikariDataSource in SpringApplicationShutdownHook 
HikariPool-1 - Shutdown initiated...

2023-03-06 14:50:09,506-[INFO]-from com.zaxxer.hikari.HikariDataSource in SpringApplicationShutdownHook 
HikariPool-1 - Shutdown completed.

2023-03-06 14:51:16,125-[INFO]-from org.hibernate.validator.internal.util.Version in background-preinit 
HV000001: Hibernate Validator 8.0.0.Final

2023-03-06 14:51:16,159-[INFO]-from edu.carroll.dogtag.DogtagAppApplication in restartedMain 
Starting DogtagAppApplication using Java 19.0.2 with PID 1388 (/Users/dustingardner/School Spring 2023/CS-389/build/classes/java/main started by dustingardner in /Users/dustingardner/School Spring 2023/CS-389)

2023-03-06 14:51:16,160-[INFO]-from edu.carroll.dogtag.DogtagAppApplication in restartedMain 
No active profile set, falling back to 1 default profile: "default"

2023-03-06 14:51:16,203-[INFO]-from org.springframework.boot.devtools.env.DevToolsPropertyDefaultsPostProcessor in restartedMain 
Devtools property defaults active! Set 'spring.devtools.add-properties' to 'false' to disable

2023-03-06 14:51:16,204-[INFO]-from org.springframework.boot.devtools.env.DevToolsPropertyDefaultsPostProcessor in restartedMain 
For additional web related logging consider setting the 'logging.level.web' property to 'DEBUG'

2023-03-06 14:51:16,740-[INFO]-from org.springframework.data.repository.config.RepositoryConfigurationDelegate in restartedMain 
Bootstrapping Spring Data JPA repositories in DEFAULT mode.

2023-03-06 14:51:16,799-[INFO]-from org.springframework.data.repository.config.RepositoryConfigurationDelegate in restartedMain 
Finished Spring Data repository scanning in 51 ms. Found 4 JPA repository interfaces.

2023-03-06 14:51:17,297-[INFO]-from org.springframework.boot.web.embedded.tomcat.TomcatWebServer in restartedMain 
Tomcat initialized with port(s): 8080 (http)

2023-03-06 14:51:17,306-[INFO]-from org.apache.coyote.http11.Http11NioProtocol in restartedMain 
Initializing ProtocolHandler ["http-nio-8080"]

2023-03-06 14:51:17,307-[INFO]-from org.apache.catalina.core.StandardService in restartedMain 
Starting service [Tomcat]

2023-03-06 14:51:17,308-[INFO]-from org.apache.catalina.core.StandardEngine in restartedMain 
Starting Servlet engine: [Apache Tomcat/10.1.5]

2023-03-06 14:51:17,359-[INFO]-from org.apache.catalina.core.ContainerBase.[Tomcat].[localhost].[/] in restartedMain 
Initializing Spring embedded WebApplicationContext

2023-03-06 14:51:17,360-[INFO]-from org.springframework.boot.web.servlet.context.ServletWebServerApplicationContext in restartedMain 
Root WebApplicationContext: initialization completed in 1156 ms

2023-03-06 14:51:17,490-[INFO]-from org.hibernate.jpa.internal.util.LogHelper in restartedMain 
HHH000204: Processing PersistenceUnitInfo [name: default]

2023-03-06 14:51:17,534-[INFO]-from org.hibernate.Version in restartedMain 
HHH000412: Hibernate ORM core version 6.1.6.Final

2023-03-06 14:51:17,681-[WARN]-from org.hibernate.orm.deprecation in restartedMain 
HHH90000021: Encountered deprecated setting [javax.persistence.sharedCache.mode], use [jakarta.persistence.sharedCache.mode] instead

2023-03-06 14:51:17,780-[INFO]-from com.zaxxer.hikari.HikariDataSource in restartedMain 
HikariPool-1 - Starting...

2023-03-06 14:51:17,846-[INFO]-from com.zaxxer.hikari.pool.HikariPool in restartedMain 
HikariPool-1 - Added connection org.mariadb.jdbc.Connection@ce504f2

2023-03-06 14:51:17,848-[INFO]-from com.zaxxer.hikari.HikariDataSource in restartedMain 
HikariPool-1 - Start completed.

2023-03-06 14:51:17,867-[INFO]-from SQL dialect in restartedMain 
HHH000400: Using dialect: org.hibernate.dialect.MariaDB103Dialect

2023-03-06 14:51:17,868-[WARN]-from org.hibernate.orm.deprecation in restartedMain 
HHH90000026: MariaDB103Dialect has been deprecated; use org.hibernate.dialect.MariaDBDialect instead

2023-03-06 14:51:18,532-[INFO]-from org.hibernate.engine.transaction.jta.platform.internal.JtaPlatformInitiator in restartedMain 
HHH000490: Using JtaPlatform implementation: [org.hibernate.engine.transaction.jta.platform.internal.NoJtaPlatform]

2023-03-06 14:51:18,540-[INFO]-from org.springframework.orm.jpa.LocalContainerEntityManagerFactoryBean in restartedMain 
Initialized JPA EntityManagerFactory for persistence unit 'default'

2023-03-06 14:51:18,888-[WARN]-from org.springframework.boot.autoconfigure.orm.jpa.JpaBaseConfiguration$JpaWebConfiguration in restartedMain 
spring.jpa.open-in-view is enabled by default. Therefore, database queries may be performed during view rendering. Explicitly configure spring.jpa.open-in-view to disable this warning

2023-03-06 14:51:19,001-[INFO]-from org.springframework.boot.autoconfigure.web.servlet.WelcomePageHandlerMapping in restartedMain 
Adding welcome page template: index

2023-03-06 14:51:19,169-[INFO]-from org.springframework.boot.devtools.autoconfigure.OptionalLiveReloadServer in restartedMain 
LiveReload server is running on port 35729

2023-03-06 14:51:19,185-[INFO]-from org.apache.coyote.http11.Http11NioProtocol in restartedMain 
Starting ProtocolHandler ["http-nio-8080"]

2023-03-06 14:51:19,198-[INFO]-from org.springframework.boot.web.embedded.tomcat.TomcatWebServer in restartedMain 
Tomcat started on port(s): 8080 (http) with context path ''

2023-03-06 14:51:19,206-[INFO]-from edu.carroll.dogtag.DogtagAppApplication in restartedMain 
Started DogtagAppApplication in 3.458 seconds (process running for 4.237)

2023-03-06 14:51:24,133-[INFO]-from org.apache.catalina.core.ContainerBase.[Tomcat].[localhost].[/] in http-nio-8080-exec-1 
Initializing Spring DispatcherServlet 'dispatcherServlet'

2023-03-06 14:51:24,133-[INFO]-from org.springframework.web.servlet.DispatcherServlet in http-nio-8080-exec-1 
Initializing Servlet 'dispatcherServlet'

2023-03-06 14:51:24,134-[INFO]-from org.springframework.web.servlet.DispatcherServlet in http-nio-8080-exec-1 
Completed initialization in 1 ms

2023-03-06 14:51:24,156-[INFO]-from edu.carroll.dogtag.web.controller.RegisterController in http-nio-8080-exec-1 
Register page loaded

2023-03-06 14:51:26,431-[INFO]-from edu.carroll.dogtag.web.controller.RegisterController in http-nio-8080-exec-2 
Logging info for  registration

2023-03-06 14:51:29,528-[INFO]-from edu.carroll.dogtag.web.controller.RegisterController in http-nio-8080-exec-3 
Logging info for  registration

2023-03-06 14:51:30,164-[INFO]-from edu.carroll.dogtag.web.controller.RegisterController in http-nio-8080-exec-4 
Logging info for  registration

2023-03-06 14:53:37,095-[INFO]-from org.springframework.orm.jpa.LocalContainerEntityManagerFactoryBean in SpringApplicationShutdownHook 
Closing JPA EntityManagerFactory for persistence unit 'default'

2023-03-06 14:53:37,098-[INFO]-from com.zaxxer.hikari.HikariDataSource in SpringApplicationShutdownHook 
HikariPool-1 - Shutdown initiated...

2023-03-06 14:53:37,101-[INFO]-from com.zaxxer.hikari.HikariDataSource in SpringApplicationShutdownHook 
HikariPool-1 - Shutdown completed.

2023-03-06 14:53:42,955-[INFO]-from org.hibernate.validator.internal.util.Version in background-preinit 
HV000001: Hibernate Validator 8.0.0.Final

2023-03-06 14:53:42,987-[INFO]-from edu.carroll.dogtag.DogtagAppApplication in restartedMain 
Starting DogtagAppApplication using Java 19.0.2 with PID 1412 (/Users/dustingardner/School Spring 2023/CS-389/build/classes/java/main started by dustingardner in /Users/dustingardner/School Spring 2023/CS-389)

2023-03-06 14:53:42,988-[INFO]-from edu.carroll.dogtag.DogtagAppApplication in restartedMain 
No active profile set, falling back to 1 default profile: "default"

2023-03-06 14:53:43,036-[INFO]-from org.springframework.boot.devtools.env.DevToolsPropertyDefaultsPostProcessor in restartedMain 
Devtools property defaults active! Set 'spring.devtools.add-properties' to 'false' to disable

2023-03-06 14:53:43,036-[INFO]-from org.springframework.boot.devtools.env.DevToolsPropertyDefaultsPostProcessor in restartedMain 
For additional web related logging consider setting the 'logging.level.web' property to 'DEBUG'

2023-03-06 14:53:43,519-[INFO]-from org.springframework.data.repository.config.RepositoryConfigurationDelegate in restartedMain 
Bootstrapping Spring Data JPA repositories in DEFAULT mode.

2023-03-06 14:53:43,574-[INFO]-from org.springframework.data.repository.config.RepositoryConfigurationDelegate in restartedMain 
Finished Spring Data repository scanning in 49 ms. Found 4 JPA repository interfaces.

2023-03-06 14:53:44,018-[INFO]-from org.springframework.boot.web.embedded.tomcat.TomcatWebServer in restartedMain 
Tomcat initialized with port(s): 8080 (http)

2023-03-06 14:53:44,025-[INFO]-from org.apache.coyote.http11.Http11NioProtocol in restartedMain 
Initializing ProtocolHandler ["http-nio-8080"]

2023-03-06 14:53:44,026-[INFO]-from org.apache.catalina.core.StandardService in restartedMain 
Starting service [Tomcat]

2023-03-06 14:53:44,026-[INFO]-from org.apache.catalina.core.StandardEngine in restartedMain 
Starting Servlet engine: [Apache Tomcat/10.1.5]

2023-03-06 14:53:44,069-[INFO]-from org.apache.catalina.core.ContainerBase.[Tomcat].[localhost].[/] in restartedMain 
Initializing Spring embedded WebApplicationContext

2023-03-06 14:53:44,070-[INFO]-from org.springframework.boot.web.servlet.context.ServletWebServerApplicationContext in restartedMain 
Root WebApplicationContext: initialization completed in 1032 ms

2023-03-06 14:53:44,182-[INFO]-from org.hibernate.jpa.internal.util.LogHelper in restartedMain 
HHH000204: Processing PersistenceUnitInfo [name: default]

2023-03-06 14:53:44,216-[INFO]-from org.hibernate.Version in restartedMain 
HHH000412: Hibernate ORM core version 6.1.6.Final

2023-03-06 14:53:44,368-[WARN]-from org.hibernate.orm.deprecation in restartedMain 
HHH90000021: Encountered deprecated setting [javax.persistence.sharedCache.mode], use [jakarta.persistence.sharedCache.mode] instead

2023-03-06 14:53:44,450-[INFO]-from com.zaxxer.hikari.HikariDataSource in restartedMain 
HikariPool-1 - Starting...

2023-03-06 14:53:44,498-[INFO]-from com.zaxxer.hikari.pool.HikariPool in restartedMain 
HikariPool-1 - Added connection org.mariadb.jdbc.Connection@333547d8

2023-03-06 14:53:44,499-[INFO]-from com.zaxxer.hikari.HikariDataSource in restartedMain 
HikariPool-1 - Start completed.

2023-03-06 14:53:44,515-[INFO]-from SQL dialect in restartedMain 
HHH000400: Using dialect: org.hibernate.dialect.MariaDB103Dialect

2023-03-06 14:53:44,515-[WARN]-from org.hibernate.orm.deprecation in restartedMain 
HHH90000026: MariaDB103Dialect has been deprecated; use org.hibernate.dialect.MariaDBDialect instead

2023-03-06 14:53:45,134-[INFO]-from org.hibernate.engine.transaction.jta.platform.internal.JtaPlatformInitiator in restartedMain 
HHH000490: Using JtaPlatform implementation: [org.hibernate.engine.transaction.jta.platform.internal.NoJtaPlatform]

2023-03-06 14:53:45,140-[INFO]-from org.springframework.orm.jpa.LocalContainerEntityManagerFactoryBean in restartedMain 
Initialized JPA EntityManagerFactory for persistence unit 'default'

2023-03-06 14:53:45,509-[WARN]-from org.springframework.boot.autoconfigure.orm.jpa.JpaBaseConfiguration$JpaWebConfiguration in restartedMain 
spring.jpa.open-in-view is enabled by default. Therefore, database queries may be performed during view rendering. Explicitly configure spring.jpa.open-in-view to disable this warning

2023-03-06 14:53:45,618-[INFO]-from org.springframework.boot.autoconfigure.web.servlet.WelcomePageHandlerMapping in restartedMain 
Adding welcome page template: index

2023-03-06 14:53:45,777-[INFO]-from org.springframework.boot.devtools.autoconfigure.OptionalLiveReloadServer in restartedMain 
LiveReload server is running on port 35729

2023-03-06 14:53:45,793-[INFO]-from org.apache.coyote.http11.Http11NioProtocol in restartedMain 
Starting ProtocolHandler ["http-nio-8080"]

2023-03-06 14:53:45,803-[INFO]-from org.springframework.boot.web.embedded.tomcat.TomcatWebServer in restartedMain 
Tomcat started on port(s): 8080 (http) with context path ''

2023-03-06 14:53:45,812-[INFO]-from edu.carroll.dogtag.DogtagAppApplication in restartedMain 
Started DogtagAppApplication in 3.313 seconds (process running for 3.969)

2023-03-06 14:53:50,266-[INFO]-from org.apache.catalina.core.ContainerBase.[Tomcat].[localhost].[/] in http-nio-8080-exec-1 
Initializing Spring DispatcherServlet 'dispatcherServlet'

2023-03-06 14:53:50,267-[INFO]-from org.springframework.web.servlet.DispatcherServlet in http-nio-8080-exec-1 
Initializing Servlet 'dispatcherServlet'

2023-03-06 14:53:50,269-[INFO]-from org.springframework.web.servlet.DispatcherServlet in http-nio-8080-exec-1 
Completed initialization in 2 ms

2023-03-06 14:53:54,631-[INFO]-from edu.carroll.dogtag.web.controller.RegisterController in http-nio-8080-exec-3 
Register page loaded

2023-03-06 14:53:56,211-[INFO]-from edu.carroll.dogtag.web.controller.RegisterController in http-nio-8080-exec-4 
Logging info for  registration

2023-03-06 14:54:03,178-[INFO]-from edu.carroll.dogtag.web.controller.RegisterController in http-nio-8080-exec-5 
Logging info for  registration

2023-03-06 14:54:11,234-[INFO]-from org.springframework.orm.jpa.LocalContainerEntityManagerFactoryBean in SpringApplicationShutdownHook 
Closing JPA EntityManagerFactory for persistence unit 'default'

2023-03-06 14:54:11,236-[INFO]-from com.zaxxer.hikari.HikariDataSource in SpringApplicationShutdownHook 
HikariPool-1 - Shutdown initiated...

2023-03-06 14:54:11,240-[INFO]-from com.zaxxer.hikari.HikariDataSource in SpringApplicationShutdownHook 
HikariPool-1 - Shutdown completed.

2023-03-06 14:54:31,636-[INFO]-from org.hibernate.validator.internal.util.Version in background-preinit 
HV000001: Hibernate Validator 8.0.0.Final

2023-03-06 14:54:31,667-[INFO]-from edu.carroll.dogtag.DogtagAppApplication in restartedMain 
Starting DogtagAppApplication using Java 19.0.2 with PID 1441 (/Users/dustingardner/School Spring 2023/CS-389/build/classes/java/main started by dustingardner in /Users/dustingardner/School Spring 2023/CS-389)

2023-03-06 14:54:31,669-[INFO]-from edu.carroll.dogtag.DogtagAppApplication in restartedMain 
No active profile set, falling back to 1 default profile: "default"

2023-03-06 14:54:31,707-[INFO]-from org.springframework.boot.devtools.env.DevToolsPropertyDefaultsPostProcessor in restartedMain 
Devtools property defaults active! Set 'spring.devtools.add-properties' to 'false' to disable

2023-03-06 14:54:31,707-[INFO]-from org.springframework.boot.devtools.env.DevToolsPropertyDefaultsPostProcessor in restartedMain 
For additional web related logging consider setting the 'logging.level.web' property to 'DEBUG'

2023-03-06 14:54:32,308-[INFO]-from org.springframework.data.repository.config.RepositoryConfigurationDelegate in restartedMain 
Bootstrapping Spring Data JPA repositories in DEFAULT mode.

2023-03-06 14:54:32,379-[INFO]-from org.springframework.data.repository.config.RepositoryConfigurationDelegate in restartedMain 
Finished Spring Data repository scanning in 56 ms. Found 4 JPA repository interfaces.

2023-03-06 14:54:32,878-[INFO]-from org.springframework.boot.web.embedded.tomcat.TomcatWebServer in restartedMain 
Tomcat initialized with port(s): 8080 (http)

2023-03-06 14:54:32,886-[INFO]-from org.apache.coyote.http11.Http11NioProtocol in restartedMain 
Initializing ProtocolHandler ["http-nio-8080"]

2023-03-06 14:54:32,886-[INFO]-from org.apache.catalina.core.StandardService in restartedMain 
Starting service [Tomcat]

2023-03-06 14:54:32,887-[INFO]-from org.apache.catalina.core.StandardEngine in restartedMain 
Starting Servlet engine: [Apache Tomcat/10.1.5]

2023-03-06 14:54:32,930-[INFO]-from org.apache.catalina.core.ContainerBase.[Tomcat].[localhost].[/] in restartedMain 
Initializing Spring embedded WebApplicationContext

2023-03-06 14:54:32,931-[INFO]-from org.springframework.boot.web.servlet.context.ServletWebServerApplicationContext in restartedMain 
Root WebApplicationContext: initialization completed in 1224 ms

2023-03-06 14:54:33,053-[INFO]-from org.hibernate.jpa.internal.util.LogHelper in restartedMain 
HHH000204: Processing PersistenceUnitInfo [name: default]

2023-03-06 14:54:33,095-[INFO]-from org.hibernate.Version in restartedMain 
HHH000412: Hibernate ORM core version 6.1.6.Final

2023-03-06 14:54:33,243-[WARN]-from org.hibernate.orm.deprecation in restartedMain 
HHH90000021: Encountered deprecated setting [javax.persistence.sharedCache.mode], use [jakarta.persistence.sharedCache.mode] instead

2023-03-06 14:54:33,340-[INFO]-from com.zaxxer.hikari.HikariDataSource in restartedMain 
HikariPool-1 - Starting...

2023-03-06 14:54:33,391-[INFO]-from com.zaxxer.hikari.pool.HikariPool in restartedMain 
HikariPool-1 - Added connection org.mariadb.jdbc.Connection@3a74df3e

2023-03-06 14:54:33,392-[INFO]-from com.zaxxer.hikari.HikariDataSource in restartedMain 
HikariPool-1 - Start completed.

2023-03-06 14:54:33,410-[INFO]-from SQL dialect in restartedMain 
HHH000400: Using dialect: org.hibernate.dialect.MariaDB103Dialect

2023-03-06 14:54:33,410-[WARN]-from org.hibernate.orm.deprecation in restartedMain 
HHH90000026: MariaDB103Dialect has been deprecated; use org.hibernate.dialect.MariaDBDialect instead

2023-03-06 14:54:34,077-[INFO]-from org.hibernate.engine.transaction.jta.platform.internal.JtaPlatformInitiator in restartedMain 
HHH000490: Using JtaPlatform implementation: [org.hibernate.engine.transaction.jta.platform.internal.NoJtaPlatform]

2023-03-06 14:54:34,086-[INFO]-from org.springframework.orm.jpa.LocalContainerEntityManagerFactoryBean in restartedMain 
Initialized JPA EntityManagerFactory for persistence unit 'default'

2023-03-06 14:54:34,439-[WARN]-from org.springframework.boot.autoconfigure.orm.jpa.JpaBaseConfiguration$JpaWebConfiguration in restartedMain 
spring.jpa.open-in-view is enabled by default. Therefore, database queries may be performed during view rendering. Explicitly configure spring.jpa.open-in-view to disable this warning

2023-03-06 14:54:34,545-[INFO]-from org.springframework.boot.autoconfigure.web.servlet.WelcomePageHandlerMapping in restartedMain 
Adding welcome page template: index

2023-03-06 14:54:34,712-[INFO]-from org.springframework.boot.devtools.autoconfigure.OptionalLiveReloadServer in restartedMain 
LiveReload server is running on port 35729

2023-03-06 14:54:34,727-[INFO]-from org.apache.coyote.http11.Http11NioProtocol in restartedMain 
Starting ProtocolHandler ["http-nio-8080"]

2023-03-06 14:54:34,739-[INFO]-from org.springframework.boot.web.embedded.tomcat.TomcatWebServer in restartedMain 
Tomcat started on port(s): 8080 (http) with context path ''

2023-03-06 14:54:34,747-[INFO]-from edu.carroll.dogtag.DogtagAppApplication in restartedMain 
Started DogtagAppApplication in 3.465 seconds (process running for 3.976)

2023-03-06 14:54:41,573-[INFO]-from org.apache.catalina.core.ContainerBase.[Tomcat].[localhost].[/] in http-nio-8080-exec-1 
Initializing Spring DispatcherServlet 'dispatcherServlet'

2023-03-06 14:54:41,574-[INFO]-from org.springframework.web.servlet.DispatcherServlet in http-nio-8080-exec-1 
Initializing Servlet 'dispatcherServlet'

2023-03-06 14:54:41,574-[INFO]-from org.springframework.web.servlet.DispatcherServlet in http-nio-8080-exec-1 
Completed initialization in 0 ms

2023-03-06 14:54:45,841-[INFO]-from edu.carroll.dogtag.web.controller.RegisterController in http-nio-8080-exec-3 
Register page loaded

2023-03-06 14:54:49,266-[INFO]-from edu.carroll.dogtag.web.controller.RegisterController in http-nio-8080-exec-4 
Logging info for ddd registration

2023-03-06 14:55:04,009-[INFO]-from org.springframework.orm.jpa.LocalContainerEntityManagerFactoryBean in SpringApplicationShutdownHook 
Closing JPA EntityManagerFactory for persistence unit 'default'

2023-03-06 14:55:04,011-[INFO]-from com.zaxxer.hikari.HikariDataSource in SpringApplicationShutdownHook 
HikariPool-1 - Shutdown initiated...

2023-03-06 14:55:04,015-[INFO]-from com.zaxxer.hikari.HikariDataSource in SpringApplicationShutdownHook 
HikariPool-1 - Shutdown completed.

2023-03-06 14:56:57,468-[INFO]-from org.hibernate.validator.internal.util.Version in background-preinit 
HV000001: Hibernate Validator 8.0.0.Final

2023-03-06 14:56:57,499-[INFO]-from edu.carroll.dogtag.DogtagAppApplication in restartedMain 
Starting DogtagAppApplication using Java 19.0.2 with PID 1459 (/Users/dustingardner/School Spring 2023/CS-389/build/classes/java/main started by dustingardner in /Users/dustingardner/School Spring 2023/CS-389)

2023-03-06 14:56:57,500-[INFO]-from edu.carroll.dogtag.DogtagAppApplication in restartedMain 
No active profile set, falling back to 1 default profile: "default"

2023-03-06 14:56:57,549-[INFO]-from org.springframework.boot.devtools.env.DevToolsPropertyDefaultsPostProcessor in restartedMain 
Devtools property defaults active! Set 'spring.devtools.add-properties' to 'false' to disable

2023-03-06 14:56:57,549-[INFO]-from org.springframework.boot.devtools.env.DevToolsPropertyDefaultsPostProcessor in restartedMain 
For additional web related logging consider setting the 'logging.level.web' property to 'DEBUG'

2023-03-06 14:56:58,055-[INFO]-from org.springframework.data.repository.config.RepositoryConfigurationDelegate in restartedMain 
Bootstrapping Spring Data JPA repositories in DEFAULT mode.

2023-03-06 14:56:58,110-[INFO]-from org.springframework.data.repository.config.RepositoryConfigurationDelegate in restartedMain 
Finished Spring Data repository scanning in 49 ms. Found 4 JPA repository interfaces.

2023-03-06 14:56:58,565-[INFO]-from org.springframework.boot.web.embedded.tomcat.TomcatWebServer in restartedMain 
Tomcat initialized with port(s): 8080 (http)

2023-03-06 14:56:58,573-[INFO]-from org.apache.coyote.http11.Http11NioProtocol in restartedMain 
Initializing ProtocolHandler ["http-nio-8080"]

2023-03-06 14:56:58,574-[INFO]-from org.apache.catalina.core.StandardService in restartedMain 
Starting service [Tomcat]

2023-03-06 14:56:58,574-[INFO]-from org.apache.catalina.core.StandardEngine in restartedMain 
Starting Servlet engine: [Apache Tomcat/10.1.5]

2023-03-06 14:56:58,618-[INFO]-from org.apache.catalina.core.ContainerBase.[Tomcat].[localhost].[/] in restartedMain 
Initializing Spring embedded WebApplicationContext

2023-03-06 14:56:58,619-[INFO]-from org.springframework.boot.web.servlet.context.ServletWebServerApplicationContext in restartedMain 
Root WebApplicationContext: initialization completed in 1069 ms

2023-03-06 14:56:58,735-[INFO]-from org.hibernate.jpa.internal.util.LogHelper in restartedMain 
HHH000204: Processing PersistenceUnitInfo [name: default]

2023-03-06 14:56:58,781-[INFO]-from org.hibernate.Version in restartedMain 
HHH000412: Hibernate ORM core version 6.1.6.Final

2023-03-06 14:56:58,929-[WARN]-from org.hibernate.orm.deprecation in restartedMain 
HHH90000021: Encountered deprecated setting [javax.persistence.sharedCache.mode], use [jakarta.persistence.sharedCache.mode] instead

2023-03-06 14:56:59,026-[INFO]-from com.zaxxer.hikari.HikariDataSource in restartedMain 
HikariPool-1 - Starting...

2023-03-06 14:56:59,076-[INFO]-from com.zaxxer.hikari.pool.HikariPool in restartedMain 
HikariPool-1 - Added connection org.mariadb.jdbc.Connection@778b8412

2023-03-06 14:56:59,078-[INFO]-from com.zaxxer.hikari.HikariDataSource in restartedMain 
HikariPool-1 - Start completed.

2023-03-06 14:56:59,094-[INFO]-from SQL dialect in restartedMain 
HHH000400: Using dialect: org.hibernate.dialect.MariaDB103Dialect

2023-03-06 14:56:59,095-[WARN]-from org.hibernate.orm.deprecation in restartedMain 
HHH90000026: MariaDB103Dialect has been deprecated; use org.hibernate.dialect.MariaDBDialect instead

2023-03-06 14:56:59,741-[INFO]-from org.hibernate.engine.transaction.jta.platform.internal.JtaPlatformInitiator in restartedMain 
HHH000490: Using JtaPlatform implementation: [org.hibernate.engine.transaction.jta.platform.internal.NoJtaPlatform]

2023-03-06 14:56:59,748-[INFO]-from org.springframework.orm.jpa.LocalContainerEntityManagerFactoryBean in restartedMain 
Initialized JPA EntityManagerFactory for persistence unit 'default'

2023-03-06 14:57:00,090-[WARN]-from org.springframework.boot.autoconfigure.orm.jpa.JpaBaseConfiguration$JpaWebConfiguration in restartedMain 
spring.jpa.open-in-view is enabled by default. Therefore, database queries may be performed during view rendering. Explicitly configure spring.jpa.open-in-view to disable this warning

2023-03-06 14:57:00,192-[INFO]-from org.springframework.boot.autoconfigure.web.servlet.WelcomePageHandlerMapping in restartedMain 
Adding welcome page template: index

2023-03-06 14:57:00,359-[INFO]-from org.springframework.boot.devtools.autoconfigure.OptionalLiveReloadServer in restartedMain 
LiveReload server is running on port 35729

2023-03-06 14:57:00,374-[INFO]-from org.apache.coyote.http11.Http11NioProtocol in restartedMain 
Starting ProtocolHandler ["http-nio-8080"]

2023-03-06 14:57:00,384-[INFO]-from org.springframework.boot.web.embedded.tomcat.TomcatWebServer in restartedMain 
Tomcat started on port(s): 8080 (http) with context path ''

2023-03-06 14:57:00,393-[INFO]-from edu.carroll.dogtag.DogtagAppApplication in restartedMain 
Started DogtagAppApplication in 3.263 seconds (process running for 3.91)

2023-03-06 14:57:07,023-[INFO]-from org.apache.catalina.core.ContainerBase.[Tomcat].[localhost].[/] in http-nio-8080-exec-1 
Initializing Spring DispatcherServlet 'dispatcherServlet'

2023-03-06 14:57:07,024-[INFO]-from org.springframework.web.servlet.DispatcherServlet in http-nio-8080-exec-1 
Initializing Servlet 'dispatcherServlet'

2023-03-06 14:57:07,025-[INFO]-from org.springframework.web.servlet.DispatcherServlet in http-nio-8080-exec-1 
Completed initialization in 1 ms

2023-03-06 14:57:15,951-[INFO]-from edu.carroll.dogtag.web.controller.RegisterController in http-nio-8080-exec-3 
Register page loaded

2023-03-06 14:57:26,300-[INFO]-from edu.carroll.dogtag.web.controller.RegisterController in http-nio-8080-exec-4 
Logging info for ddddddddddddddddddd registration

2023-03-06 14:58:54,423-[INFO]-from org.springframework.orm.jpa.LocalContainerEntityManagerFactoryBean in SpringApplicationShutdownHook 
Closing JPA EntityManagerFactory for persistence unit 'default'

2023-03-06 14:58:54,425-[INFO]-from com.zaxxer.hikari.HikariDataSource in SpringApplicationShutdownHook 
HikariPool-1 - Shutdown initiated...

2023-03-06 14:58:54,428-[INFO]-from com.zaxxer.hikari.HikariDataSource in SpringApplicationShutdownHook 
HikariPool-1 - Shutdown completed.

2023-03-06 15:00:36,835-[INFO]-from org.hibernate.validator.internal.util.Version in background-preinit 
HV000001: Hibernate Validator 8.0.0.Final

2023-03-06 15:00:36,871-[INFO]-from edu.carroll.dogtag.DogtagAppApplication in restartedMain 
Starting DogtagAppApplication using Java 19.0.2 with PID 1483 (/Users/dustingardner/School Spring 2023/CS-389/build/classes/java/main started by dustingardner in /Users/dustingardner/School Spring 2023/CS-389)

2023-03-06 15:00:36,872-[INFO]-from edu.carroll.dogtag.DogtagAppApplication in restartedMain 
No active profile set, falling back to 1 default profile: "default"

2023-03-06 15:00:36,924-[INFO]-from org.springframework.boot.devtools.env.DevToolsPropertyDefaultsPostProcessor in restartedMain 
Devtools property defaults active! Set 'spring.devtools.add-properties' to 'false' to disable

2023-03-06 15:00:36,924-[INFO]-from org.springframework.boot.devtools.env.DevToolsPropertyDefaultsPostProcessor in restartedMain 
For additional web related logging consider setting the 'logging.level.web' property to 'DEBUG'

2023-03-06 15:00:37,443-[INFO]-from org.springframework.data.repository.config.RepositoryConfigurationDelegate in restartedMain 
Bootstrapping Spring Data JPA repositories in DEFAULT mode.

2023-03-06 15:00:37,506-[INFO]-from org.springframework.data.repository.config.RepositoryConfigurationDelegate in restartedMain 
Finished Spring Data repository scanning in 56 ms. Found 4 JPA repository interfaces.

2023-03-06 15:00:37,956-[INFO]-from org.springframework.boot.web.embedded.tomcat.TomcatWebServer in restartedMain 
Tomcat initialized with port(s): 8080 (http)

2023-03-06 15:00:37,963-[INFO]-from org.apache.coyote.http11.Http11NioProtocol in restartedMain 
Initializing ProtocolHandler ["http-nio-8080"]

2023-03-06 15:00:37,964-[INFO]-from org.apache.catalina.core.StandardService in restartedMain 
Starting service [Tomcat]

2023-03-06 15:00:37,964-[INFO]-from org.apache.catalina.core.StandardEngine in restartedMain 
Starting Servlet engine: [Apache Tomcat/10.1.5]

2023-03-06 15:00:38,005-[INFO]-from org.apache.catalina.core.ContainerBase.[Tomcat].[localhost].[/] in restartedMain 
Initializing Spring embedded WebApplicationContext

2023-03-06 15:00:38,006-[INFO]-from org.springframework.boot.web.servlet.context.ServletWebServerApplicationContext in restartedMain 
Root WebApplicationContext: initialization completed in 1080 ms

2023-03-06 15:00:38,123-[INFO]-from org.hibernate.jpa.internal.util.LogHelper in restartedMain 
HHH000204: Processing PersistenceUnitInfo [name: default]

2023-03-06 15:00:38,164-[INFO]-from org.hibernate.Version in restartedMain 
HHH000412: Hibernate ORM core version 6.1.6.Final

2023-03-06 15:00:38,310-[WARN]-from org.hibernate.orm.deprecation in restartedMain 
HHH90000021: Encountered deprecated setting [javax.persistence.sharedCache.mode], use [jakarta.persistence.sharedCache.mode] instead

2023-03-06 15:00:38,399-[INFO]-from com.zaxxer.hikari.HikariDataSource in restartedMain 
HikariPool-1 - Starting...

2023-03-06 15:00:38,452-[INFO]-from com.zaxxer.hikari.pool.HikariPool in restartedMain 
HikariPool-1 - Added connection org.mariadb.jdbc.Connection@2eca9236

2023-03-06 15:00:38,453-[INFO]-from com.zaxxer.hikari.HikariDataSource in restartedMain 
HikariPool-1 - Start completed.

2023-03-06 15:00:38,471-[INFO]-from SQL dialect in restartedMain 
HHH000400: Using dialect: org.hibernate.dialect.MariaDB103Dialect

2023-03-06 15:00:38,471-[WARN]-from org.hibernate.orm.deprecation in restartedMain 
HHH90000026: MariaDB103Dialect has been deprecated; use org.hibernate.dialect.MariaDBDialect instead

2023-03-06 15:00:39,111-[INFO]-from org.hibernate.engine.transaction.jta.platform.internal.JtaPlatformInitiator in restartedMain 
HHH000490: Using JtaPlatform implementation: [org.hibernate.engine.transaction.jta.platform.internal.NoJtaPlatform]

2023-03-06 15:00:39,119-[INFO]-from org.springframework.orm.jpa.LocalContainerEntityManagerFactoryBean in restartedMain 
Initialized JPA EntityManagerFactory for persistence unit 'default'

2023-03-06 15:00:39,448-[WARN]-from org.springframework.boot.autoconfigure.orm.jpa.JpaBaseConfiguration$JpaWebConfiguration in restartedMain 
spring.jpa.open-in-view is enabled by default. Therefore, database queries may be performed during view rendering. Explicitly configure spring.jpa.open-in-view to disable this warning

2023-03-06 15:00:39,549-[INFO]-from org.springframework.boot.autoconfigure.web.servlet.WelcomePageHandlerMapping in restartedMain 
Adding welcome page template: index

2023-03-06 15:00:39,713-[INFO]-from org.springframework.boot.devtools.autoconfigure.OptionalLiveReloadServer in restartedMain 
LiveReload server is running on port 35729

2023-03-06 15:00:39,727-[INFO]-from org.apache.coyote.http11.Http11NioProtocol in restartedMain 
Starting ProtocolHandler ["http-nio-8080"]

2023-03-06 15:00:39,738-[INFO]-from org.springframework.boot.web.embedded.tomcat.TomcatWebServer in restartedMain 
Tomcat started on port(s): 8080 (http) with context path ''

2023-03-06 15:00:39,747-[INFO]-from edu.carroll.dogtag.DogtagAppApplication in restartedMain 
Started DogtagAppApplication in 3.26 seconds (process running for 3.953)

2023-03-06 15:00:44,462-[INFO]-from org.springframework.orm.jpa.LocalContainerEntityManagerFactoryBean in SpringApplicationShutdownHook 
Closing JPA EntityManagerFactory for persistence unit 'default'

2023-03-06 15:00:44,464-[INFO]-from com.zaxxer.hikari.HikariDataSource in SpringApplicationShutdownHook 
HikariPool-1 - Shutdown initiated...

2023-03-06 15:00:44,467-[INFO]-from com.zaxxer.hikari.HikariDataSource in SpringApplicationShutdownHook 
HikariPool-1 - Shutdown completed.

2023-03-06 15:00:58,493-[INFO]-from org.hibernate.validator.internal.util.Version in background-preinit 
HV000001: Hibernate Validator 8.0.0.Final

2023-03-06 15:00:58,519-[INFO]-from edu.carroll.dogtag.DogtagAppApplication in restartedMain 
Starting DogtagAppApplication using Java 19.0.2 with PID 1499 (/Users/dustingardner/School Spring 2023/CS-389/build/classes/java/main started by dustingardner in /Users/dustingardner/School Spring 2023/CS-389)

2023-03-06 15:00:58,519-[INFO]-from edu.carroll.dogtag.DogtagAppApplication in restartedMain 
No active profile set, falling back to 1 default profile: "default"

2023-03-06 15:00:58,558-[INFO]-from org.springframework.boot.devtools.env.DevToolsPropertyDefaultsPostProcessor in restartedMain 
Devtools property defaults active! Set 'spring.devtools.add-properties' to 'false' to disable

2023-03-06 15:00:58,559-[INFO]-from org.springframework.boot.devtools.env.DevToolsPropertyDefaultsPostProcessor in restartedMain 
For additional web related logging consider setting the 'logging.level.web' property to 'DEBUG'

2023-03-06 15:00:59,011-[INFO]-from org.springframework.data.repository.config.RepositoryConfigurationDelegate in restartedMain 
Bootstrapping Spring Data JPA repositories in DEFAULT mode.

2023-03-06 15:00:59,062-[INFO]-from org.springframework.data.repository.config.RepositoryConfigurationDelegate in restartedMain 
Finished Spring Data repository scanning in 45 ms. Found 4 JPA repository interfaces.

2023-03-06 15:00:59,477-[INFO]-from org.springframework.boot.web.embedded.tomcat.TomcatWebServer in restartedMain 
Tomcat initialized with port(s): 8080 (http)

2023-03-06 15:00:59,484-[INFO]-from org.apache.coyote.http11.Http11NioProtocol in restartedMain 
Initializing ProtocolHandler ["http-nio-8080"]

2023-03-06 15:00:59,484-[INFO]-from org.apache.catalina.core.StandardService in restartedMain 
Starting service [Tomcat]

2023-03-06 15:00:59,485-[INFO]-from org.apache.catalina.core.StandardEngine in restartedMain 
Starting Servlet engine: [Apache Tomcat/10.1.5]

2023-03-06 15:00:59,523-[INFO]-from org.apache.catalina.core.ContainerBase.[Tomcat].[localhost].[/] in restartedMain 
Initializing Spring embedded WebApplicationContext

2023-03-06 15:00:59,523-[INFO]-from org.springframework.boot.web.servlet.context.ServletWebServerApplicationContext in restartedMain 
Root WebApplicationContext: initialization completed in 964 ms

2023-03-06 15:00:59,620-[INFO]-from org.hibernate.jpa.internal.util.LogHelper in restartedMain 
HHH000204: Processing PersistenceUnitInfo [name: default]

2023-03-06 15:00:59,659-[INFO]-from org.hibernate.Version in restartedMain 
HHH000412: Hibernate ORM core version 6.1.6.Final

2023-03-06 15:00:59,793-[WARN]-from org.hibernate.orm.deprecation in restartedMain 
HHH90000021: Encountered deprecated setting [javax.persistence.sharedCache.mode], use [jakarta.persistence.sharedCache.mode] instead

2023-03-06 15:00:59,868-[INFO]-from com.zaxxer.hikari.HikariDataSource in restartedMain 
HikariPool-1 - Starting...

2023-03-06 15:00:59,912-[INFO]-from com.zaxxer.hikari.pool.HikariPool in restartedMain 
HikariPool-1 - Added connection org.mariadb.jdbc.Connection@2eca9236

2023-03-06 15:00:59,914-[INFO]-from com.zaxxer.hikari.HikariDataSource in restartedMain 
HikariPool-1 - Start completed.

2023-03-06 15:00:59,928-[INFO]-from SQL dialect in restartedMain 
HHH000400: Using dialect: org.hibernate.dialect.MariaDB103Dialect

2023-03-06 15:00:59,928-[WARN]-from org.hibernate.orm.deprecation in restartedMain 
HHH90000026: MariaDB103Dialect has been deprecated; use org.hibernate.dialect.MariaDBDialect instead

2023-03-06 15:01:00,492-[INFO]-from org.hibernate.engine.transaction.jta.platform.internal.JtaPlatformInitiator in restartedMain 
HHH000490: Using JtaPlatform implementation: [org.hibernate.engine.transaction.jta.platform.internal.NoJtaPlatform]

2023-03-06 15:01:00,498-[INFO]-from org.springframework.orm.jpa.LocalContainerEntityManagerFactoryBean in restartedMain 
Initialized JPA EntityManagerFactory for persistence unit 'default'

2023-03-06 15:01:00,810-[WARN]-from org.springframework.boot.autoconfigure.orm.jpa.JpaBaseConfiguration$JpaWebConfiguration in restartedMain 
spring.jpa.open-in-view is enabled by default. Therefore, database queries may be performed during view rendering. Explicitly configure spring.jpa.open-in-view to disable this warning

2023-03-06 15:01:00,908-[INFO]-from org.springframework.boot.autoconfigure.web.servlet.WelcomePageHandlerMapping in restartedMain 
Adding welcome page template: index

2023-03-06 15:01:01,053-[INFO]-from org.springframework.boot.devtools.autoconfigure.OptionalLiveReloadServer in restartedMain 
LiveReload server is running on port 35729

2023-03-06 15:01:01,072-[INFO]-from org.apache.coyote.http11.Http11NioProtocol in restartedMain 
Starting ProtocolHandler ["http-nio-8080"]

2023-03-06 15:01:01,081-[INFO]-from org.springframework.boot.web.embedded.tomcat.TomcatWebServer in restartedMain 
Tomcat started on port(s): 8080 (http) with context path ''

2023-03-06 15:01:01,090-[INFO]-from edu.carroll.dogtag.DogtagAppApplication in restartedMain 
Started DogtagAppApplication in 2.922 seconds (process running for 3.461)

2023-03-06 15:01:13,729-[INFO]-from org.springframework.orm.jpa.LocalContainerEntityManagerFactoryBean in SpringApplicationShutdownHook 
Closing JPA EntityManagerFactory for persistence unit 'default'

2023-03-06 15:01:13,732-[INFO]-from com.zaxxer.hikari.HikariDataSource in SpringApplicationShutdownHook 
HikariPool-1 - Shutdown initiated...

2023-03-06 15:01:13,735-[INFO]-from com.zaxxer.hikari.HikariDataSource in SpringApplicationShutdownHook 
HikariPool-1 - Shutdown completed.

2023-03-06 15:05:55,606-[INFO]-from org.hibernate.validator.internal.util.Version in background-preinit 
HV000001: Hibernate Validator 8.0.0.Final

2023-03-06 15:05:55,632-[INFO]-from edu.carroll.dogtag.DogtagAppApplication in restartedMain 
Starting DogtagAppApplication using Java 19.0.2 with PID 1520 (/Users/dustingardner/School Spring 2023/CS-389/build/classes/java/main started by dustingardner in /Users/dustingardner/School Spring 2023/CS-389)

2023-03-06 15:05:55,633-[INFO]-from edu.carroll.dogtag.DogtagAppApplication in restartedMain 
No active profile set, falling back to 1 default profile: "default"

2023-03-06 15:05:55,673-[INFO]-from org.springframework.boot.devtools.env.DevToolsPropertyDefaultsPostProcessor in restartedMain 
Devtools property defaults active! Set 'spring.devtools.add-properties' to 'false' to disable

2023-03-06 15:05:55,673-[INFO]-from org.springframework.boot.devtools.env.DevToolsPropertyDefaultsPostProcessor in restartedMain 
For additional web related logging consider setting the 'logging.level.web' property to 'DEBUG'

2023-03-06 15:05:56,138-[INFO]-from org.springframework.data.repository.config.RepositoryConfigurationDelegate in restartedMain 
Bootstrapping Spring Data JPA repositories in DEFAULT mode.

2023-03-06 15:05:56,187-[INFO]-from org.springframework.data.repository.config.RepositoryConfigurationDelegate in restartedMain 
Finished Spring Data repository scanning in 44 ms. Found 4 JPA repository interfaces.

2023-03-06 15:05:56,614-[INFO]-from org.springframework.boot.web.embedded.tomcat.TomcatWebServer in restartedMain 
Tomcat initialized with port(s): 8080 (http)

2023-03-06 15:05:56,622-[INFO]-from org.apache.coyote.http11.Http11NioProtocol in restartedMain 
Initializing ProtocolHandler ["http-nio-8080"]

2023-03-06 15:05:56,623-[INFO]-from org.apache.catalina.core.StandardService in restartedMain 
Starting service [Tomcat]

2023-03-06 15:05:56,623-[INFO]-from org.apache.catalina.core.StandardEngine in restartedMain 
Starting Servlet engine: [Apache Tomcat/10.1.5]

2023-03-06 15:05:56,667-[INFO]-from org.apache.catalina.core.ContainerBase.[Tomcat].[localhost].[/] in restartedMain 
Initializing Spring embedded WebApplicationContext

2023-03-06 15:05:56,667-[INFO]-from org.springframework.boot.web.servlet.context.ServletWebServerApplicationContext in restartedMain 
Root WebApplicationContext: initialization completed in 994 ms

2023-03-06 15:05:56,768-[INFO]-from org.hibernate.jpa.internal.util.LogHelper in restartedMain 
HHH000204: Processing PersistenceUnitInfo [name: default]

2023-03-06 15:05:56,811-[INFO]-from org.hibernate.Version in restartedMain 
HHH000412: Hibernate ORM core version 6.1.6.Final

2023-03-06 15:05:56,952-[WARN]-from org.hibernate.orm.deprecation in restartedMain 
HHH90000021: Encountered deprecated setting [javax.persistence.sharedCache.mode], use [jakarta.persistence.sharedCache.mode] instead

2023-03-06 15:05:57,028-[INFO]-from com.zaxxer.hikari.HikariDataSource in restartedMain 
HikariPool-1 - Starting...

2023-03-06 15:05:57,077-[INFO]-from com.zaxxer.hikari.pool.HikariPool in restartedMain 
HikariPool-1 - Added connection org.mariadb.jdbc.Connection@1bb6314d

2023-03-06 15:05:57,078-[INFO]-from com.zaxxer.hikari.HikariDataSource in restartedMain 
HikariPool-1 - Start completed.

2023-03-06 15:05:57,093-[INFO]-from SQL dialect in restartedMain 
HHH000400: Using dialect: org.hibernate.dialect.MariaDB103Dialect

2023-03-06 15:05:57,093-[WARN]-from org.hibernate.orm.deprecation in restartedMain 
HHH90000026: MariaDB103Dialect has been deprecated; use org.hibernate.dialect.MariaDBDialect instead

2023-03-06 15:05:57,669-[INFO]-from org.hibernate.engine.transaction.jta.platform.internal.JtaPlatformInitiator in restartedMain 
HHH000490: Using JtaPlatform implementation: [org.hibernate.engine.transaction.jta.platform.internal.NoJtaPlatform]

2023-03-06 15:05:57,675-[INFO]-from org.springframework.orm.jpa.LocalContainerEntityManagerFactoryBean in restartedMain 
Initialized JPA EntityManagerFactory for persistence unit 'default'

2023-03-06 15:05:57,991-[WARN]-from org.springframework.boot.autoconfigure.orm.jpa.JpaBaseConfiguration$JpaWebConfiguration in restartedMain 
spring.jpa.open-in-view is enabled by default. Therefore, database queries may be performed during view rendering. Explicitly configure spring.jpa.open-in-view to disable this warning

2023-03-06 15:05:58,090-[INFO]-from org.springframework.boot.autoconfigure.web.servlet.WelcomePageHandlerMapping in restartedMain 
Adding welcome page template: index

2023-03-06 15:05:58,243-[INFO]-from org.springframework.boot.devtools.autoconfigure.OptionalLiveReloadServer in restartedMain 
LiveReload server is running on port 35729

2023-03-06 15:05:58,259-[INFO]-from org.apache.coyote.http11.Http11NioProtocol in restartedMain 
Starting ProtocolHandler ["http-nio-8080"]

2023-03-06 15:05:58,270-[INFO]-from org.springframework.boot.web.embedded.tomcat.TomcatWebServer in restartedMain 
Tomcat started on port(s): 8080 (http) with context path ''

2023-03-06 15:05:58,277-[INFO]-from edu.carroll.dogtag.DogtagAppApplication in restartedMain 
Started DogtagAppApplication in 3.002 seconds (process running for 3.682)

2023-03-06 15:06:03,576-[INFO]-from org.apache.catalina.core.ContainerBase.[Tomcat].[localhost].[/] in http-nio-8080-exec-1 
Initializing Spring DispatcherServlet 'dispatcherServlet'

2023-03-06 15:06:03,576-[INFO]-from org.springframework.web.servlet.DispatcherServlet in http-nio-8080-exec-1 
Initializing Servlet 'dispatcherServlet'

2023-03-06 15:06:03,577-[INFO]-from org.springframework.web.servlet.DispatcherServlet in http-nio-8080-exec-1 
Completed initialization in 1 ms

2023-03-06 15:06:07,911-[INFO]-from edu.carroll.dogtag.web.controller.RegisterController in http-nio-8080-exec-3 
Register page loaded

2023-03-06 15:06:12,647-[INFO]-from edu.carroll.dogtag.web.form.RegisterForm in http-nio-8080-exec-4 
Did not meet user name min or max requirements

2023-03-06 15:06:12,674-[INFO]-from edu.carroll.dogtag.web.controller.RegisterController in http-nio-8080-exec-4 
Logging info for  registration

2023-03-06 15:09:04,401-[INFO]-from org.springframework.orm.jpa.LocalContainerEntityManagerFactoryBean in SpringApplicationShutdownHook 
Closing JPA EntityManagerFactory for persistence unit 'default'

2023-03-06 15:09:04,403-[INFO]-from com.zaxxer.hikari.HikariDataSource in SpringApplicationShutdownHook 
HikariPool-1 - Shutdown initiated...

2023-03-06 15:09:04,406-[INFO]-from com.zaxxer.hikari.HikariDataSource in SpringApplicationShutdownHook 
HikariPool-1 - Shutdown completed.

2023-03-06 15:15:48,126-[INFO]-from org.hibernate.validator.internal.util.Version in background-preinit 
HV000001: Hibernate Validator 8.0.0.Final

2023-03-06 15:15:48,152-[INFO]-from edu.carroll.dogtag.DogtagAppApplication in restartedMain 
Starting DogtagAppApplication using Java 19.0.2 with PID 1578 (/Users/dustingardner/School Spring 2023/CS-389/build/classes/java/main started by dustingardner in /Users/dustingardner/School Spring 2023/CS-389)

2023-03-06 15:15:48,153-[INFO]-from edu.carroll.dogtag.DogtagAppApplication in restartedMain 
No active profile set, falling back to 1 default profile: "default"

2023-03-06 15:15:48,188-[INFO]-from org.springframework.boot.devtools.env.DevToolsPropertyDefaultsPostProcessor in restartedMain 
Devtools property defaults active! Set 'spring.devtools.add-properties' to 'false' to disable

2023-03-06 15:15:48,189-[INFO]-from org.springframework.boot.devtools.env.DevToolsPropertyDefaultsPostProcessor in restartedMain 
For additional web related logging consider setting the 'logging.level.web' property to 'DEBUG'

2023-03-06 15:15:48,665-[INFO]-from org.springframework.data.repository.config.RepositoryConfigurationDelegate in restartedMain 
Bootstrapping Spring Data JPA repositories in DEFAULT mode.

2023-03-06 15:15:48,723-[INFO]-from org.springframework.data.repository.config.RepositoryConfigurationDelegate in restartedMain 
Finished Spring Data repository scanning in 53 ms. Found 4 JPA repository interfaces.

2023-03-06 15:15:49,143-[INFO]-from org.springframework.boot.web.embedded.tomcat.TomcatWebServer in restartedMain 
Tomcat initialized with port(s): 8080 (http)

2023-03-06 15:15:49,149-[INFO]-from org.apache.coyote.http11.Http11NioProtocol in restartedMain 
Initializing ProtocolHandler ["http-nio-8080"]

2023-03-06 15:15:49,150-[INFO]-from org.apache.catalina.core.StandardService in restartedMain 
Starting service [Tomcat]

2023-03-06 15:15:49,150-[INFO]-from org.apache.catalina.core.StandardEngine in restartedMain 
Starting Servlet engine: [Apache Tomcat/10.1.5]

2023-03-06 15:15:49,190-[INFO]-from org.apache.catalina.core.ContainerBase.[Tomcat].[localhost].[/] in restartedMain 
Initializing Spring embedded WebApplicationContext

2023-03-06 15:15:49,190-[INFO]-from org.springframework.boot.web.servlet.context.ServletWebServerApplicationContext in restartedMain 
Root WebApplicationContext: initialization completed in 1001 ms

2023-03-06 15:15:49,294-[INFO]-from org.hibernate.jpa.internal.util.LogHelper in restartedMain 
HHH000204: Processing PersistenceUnitInfo [name: default]

2023-03-06 15:15:49,328-[INFO]-from org.hibernate.Version in restartedMain 
HHH000412: Hibernate ORM core version 6.1.6.Final

2023-03-06 15:15:49,470-[WARN]-from org.hibernate.orm.deprecation in restartedMain 
HHH90000021: Encountered deprecated setting [javax.persistence.sharedCache.mode], use [jakarta.persistence.sharedCache.mode] instead

2023-03-06 15:15:49,543-[INFO]-from com.zaxxer.hikari.HikariDataSource in restartedMain 
HikariPool-1 - Starting...

2023-03-06 15:15:49,591-[INFO]-from com.zaxxer.hikari.pool.HikariPool in restartedMain 
HikariPool-1 - Added connection org.mariadb.jdbc.Connection@778b8412

2023-03-06 15:15:49,592-[INFO]-from com.zaxxer.hikari.HikariDataSource in restartedMain 
HikariPool-1 - Start completed.

2023-03-06 15:15:49,607-[INFO]-from SQL dialect in restartedMain 
HHH000400: Using dialect: org.hibernate.dialect.MariaDB103Dialect

2023-03-06 15:15:49,607-[WARN]-from org.hibernate.orm.deprecation in restartedMain 
HHH90000026: MariaDB103Dialect has been deprecated; use org.hibernate.dialect.MariaDBDialect instead

2023-03-06 15:15:50,197-[INFO]-from org.hibernate.engine.transaction.jta.platform.internal.JtaPlatformInitiator in restartedMain 
HHH000490: Using JtaPlatform implementation: [org.hibernate.engine.transaction.jta.platform.internal.NoJtaPlatform]

2023-03-06 15:15:50,204-[INFO]-from org.springframework.orm.jpa.LocalContainerEntityManagerFactoryBean in restartedMain 
Initialized JPA EntityManagerFactory for persistence unit 'default'

2023-03-06 15:15:50,526-[WARN]-from org.springframework.boot.autoconfigure.orm.jpa.JpaBaseConfiguration$JpaWebConfiguration in restartedMain 
spring.jpa.open-in-view is enabled by default. Therefore, database queries may be performed during view rendering. Explicitly configure spring.jpa.open-in-view to disable this warning

2023-03-06 15:15:50,634-[INFO]-from org.springframework.boot.autoconfigure.web.servlet.WelcomePageHandlerMapping in restartedMain 
Adding welcome page template: index

2023-03-06 15:15:50,791-[INFO]-from org.springframework.boot.devtools.autoconfigure.OptionalLiveReloadServer in restartedMain 
LiveReload server is running on port 35729

2023-03-06 15:15:50,807-[INFO]-from org.apache.coyote.http11.Http11NioProtocol in restartedMain 
Starting ProtocolHandler ["http-nio-8080"]

2023-03-06 15:15:50,819-[INFO]-from org.springframework.boot.web.embedded.tomcat.TomcatWebServer in restartedMain 
Tomcat started on port(s): 8080 (http) with context path ''

2023-03-06 15:15:50,826-[INFO]-from edu.carroll.dogtag.DogtagAppApplication in restartedMain 
Started DogtagAppApplication in 3.026 seconds (process running for 3.656)

2023-03-06 15:16:42,151-[INFO]-from org.apache.catalina.core.ContainerBase.[Tomcat].[localhost].[/] in http-nio-8080-exec-1 
Initializing Spring DispatcherServlet 'dispatcherServlet'

2023-03-06 15:16:42,152-[INFO]-from org.springframework.web.servlet.DispatcherServlet in http-nio-8080-exec-1 
Initializing Servlet 'dispatcherServlet'

2023-03-06 15:16:42,153-[INFO]-from org.springframework.web.servlet.DispatcherServlet in http-nio-8080-exec-1 
Completed initialization in 1 ms

2023-03-06 15:16:42,183-[INFO]-from edu.carroll.dogtag.web.form.RegisterForm in http-nio-8080-exec-1 
Did not meet password min or max requirements

2023-03-06 15:16:42,184-[INFO]-from edu.carroll.dogtag.web.form.RegisterForm in http-nio-8080-exec-1 
Did not meet user name min or max requirements

2023-03-06 15:16:42,208-[INFO]-from edu.carroll.dogtag.web.controller.RegisterController in http-nio-8080-exec-1 
Logging info for ddddddddddd registration

2023-03-06 15:16:42,285-[INFO]-from edu.carroll.dogtag.service.RegisterServiceImpl in http-nio-8080-exec-1 
Checking if ddddddddddd user exists

2023-03-06 15:16:42,287-[INFO]-from edu.carroll.dogtag.service.RegisterServiceImpl in http-nio-8080-exec-1 
Checking if ddddddddddd user exists

2023-03-06 15:16:42,289-[INFO]-from edu.carroll.dogtag.service.RegisterServiceImpl in http-nio-8080-exec-1 
Checking if w@c.cc email exists

2023-03-06 15:16:42,323-[INFO]-from edu.carroll.dogtag.service.RegisterServiceImpl in http-nio-8080-exec-1 
Register Info for ddddddddddd sent to login table

2023-03-06 15:16:42,324-[INFO]-from edu.carroll.dogtag.web.controller.RegisterController in http-nio-8080-exec-1 
User {} was able to register

2023-03-06 15:16:50,269-[INFO]-from edu.carroll.dogtag.web.form.RegisterForm in http-nio-8080-exec-3 
Did not meet password min or max requirements

2023-03-06 15:16:50,269-[INFO]-from edu.carroll.dogtag.web.form.RegisterForm in http-nio-8080-exec-3 
Did not meet user name min or max requirements

2023-03-06 15:16:50,272-[INFO]-from edu.carroll.dogtag.web.controller.RegisterController in http-nio-8080-exec-3 
Logging info for ddddddddddd registration

2023-03-06 15:17:43,875-[INFO]-from org.springframework.orm.jpa.LocalContainerEntityManagerFactoryBean in SpringApplicationShutdownHook 
Closing JPA EntityManagerFactory for persistence unit 'default'

2023-03-06 15:17:43,878-[INFO]-from com.zaxxer.hikari.HikariDataSource in SpringApplicationShutdownHook 
HikariPool-1 - Shutdown initiated...

2023-03-06 15:17:43,880-[INFO]-from com.zaxxer.hikari.HikariDataSource in SpringApplicationShutdownHook 
HikariPool-1 - Shutdown completed.

2023-03-06 15:22:48,106-[INFO]-from org.hibernate.validator.internal.util.Version in background-preinit 
HV000001: Hibernate Validator 8.0.0.Final

2023-03-06 15:22:48,134-[INFO]-from edu.carroll.dogtag.DogtagAppApplication in restartedMain 
Starting DogtagAppApplication using Java 19.0.2 with PID 1591 (/Users/dustingardner/School Spring 2023/CS-389/build/classes/java/main started by dustingardner in /Users/dustingardner/School Spring 2023/CS-389)

2023-03-06 15:22:48,135-[INFO]-from edu.carroll.dogtag.DogtagAppApplication in restartedMain 
No active profile set, falling back to 1 default profile: "default"

2023-03-06 15:22:48,170-[INFO]-from org.springframework.boot.devtools.env.DevToolsPropertyDefaultsPostProcessor in restartedMain 
Devtools property defaults active! Set 'spring.devtools.add-properties' to 'false' to disable

2023-03-06 15:22:48,170-[INFO]-from org.springframework.boot.devtools.env.DevToolsPropertyDefaultsPostProcessor in restartedMain 
For additional web related logging consider setting the 'logging.level.web' property to 'DEBUG'

2023-03-06 15:22:48,657-[INFO]-from org.springframework.data.repository.config.RepositoryConfigurationDelegate in restartedMain 
Bootstrapping Spring Data JPA repositories in DEFAULT mode.

2023-03-06 15:22:48,708-[INFO]-from org.springframework.data.repository.config.RepositoryConfigurationDelegate in restartedMain 
Finished Spring Data repository scanning in 44 ms. Found 4 JPA repository interfaces.

2023-03-06 15:22:49,118-[INFO]-from org.springframework.boot.web.embedded.tomcat.TomcatWebServer in restartedMain 
Tomcat initialized with port(s): 8080 (http)

2023-03-06 15:22:49,125-[INFO]-from org.apache.coyote.http11.Http11NioProtocol in restartedMain 
Initializing ProtocolHandler ["http-nio-8080"]

2023-03-06 15:22:49,126-[INFO]-from org.apache.catalina.core.StandardService in restartedMain 
Starting service [Tomcat]

2023-03-06 15:22:49,126-[INFO]-from org.apache.catalina.core.StandardEngine in restartedMain 
Starting Servlet engine: [Apache Tomcat/10.1.5]

2023-03-06 15:22:49,163-[INFO]-from org.apache.catalina.core.ContainerBase.[Tomcat].[localhost].[/] in restartedMain 
Initializing Spring embedded WebApplicationContext

2023-03-06 15:22:49,164-[INFO]-from org.springframework.boot.web.servlet.context.ServletWebServerApplicationContext in restartedMain 
Root WebApplicationContext: initialization completed in 993 ms

2023-03-06 15:22:49,265-[INFO]-from org.hibernate.jpa.internal.util.LogHelper in restartedMain 
HHH000204: Processing PersistenceUnitInfo [name: default]

2023-03-06 15:22:49,295-[INFO]-from org.hibernate.Version in restartedMain 
HHH000412: Hibernate ORM core version 6.1.6.Final

2023-03-06 15:22:49,434-[WARN]-from org.hibernate.orm.deprecation in restartedMain 
HHH90000021: Encountered deprecated setting [javax.persistence.sharedCache.mode], use [jakarta.persistence.sharedCache.mode] instead

2023-03-06 15:22:49,510-[INFO]-from com.zaxxer.hikari.HikariDataSource in restartedMain 
HikariPool-1 - Starting...

2023-03-06 15:22:49,554-[INFO]-from com.zaxxer.hikari.pool.HikariPool in restartedMain 
HikariPool-1 - Added connection org.mariadb.jdbc.Connection@778b8412

2023-03-06 15:22:49,555-[INFO]-from com.zaxxer.hikari.HikariDataSource in restartedMain 
HikariPool-1 - Start completed.

2023-03-06 15:22:49,570-[INFO]-from SQL dialect in restartedMain 
HHH000400: Using dialect: org.hibernate.dialect.MariaDB103Dialect

2023-03-06 15:22:49,570-[WARN]-from org.hibernate.orm.deprecation in restartedMain 
HHH90000026: MariaDB103Dialect has been deprecated; use org.hibernate.dialect.MariaDBDialect instead

2023-03-06 15:22:50,156-[INFO]-from org.hibernate.engine.transaction.jta.platform.internal.JtaPlatformInitiator in restartedMain 
HHH000490: Using JtaPlatform implementation: [org.hibernate.engine.transaction.jta.platform.internal.NoJtaPlatform]

2023-03-06 15:22:50,163-[INFO]-from org.springframework.orm.jpa.LocalContainerEntityManagerFactoryBean in restartedMain 
Initialized JPA EntityManagerFactory for persistence unit 'default'

2023-03-06 15:22:50,470-[WARN]-from org.springframework.boot.autoconfigure.orm.jpa.JpaBaseConfiguration$JpaWebConfiguration in restartedMain 
spring.jpa.open-in-view is enabled by default. Therefore, database queries may be performed during view rendering. Explicitly configure spring.jpa.open-in-view to disable this warning

2023-03-06 15:22:50,566-[INFO]-from org.springframework.boot.autoconfigure.web.servlet.WelcomePageHandlerMapping in restartedMain 
Adding welcome page template: index

2023-03-06 15:22:50,721-[INFO]-from org.springframework.boot.devtools.autoconfigure.OptionalLiveReloadServer in restartedMain 
LiveReload server is running on port 35729

2023-03-06 15:22:50,737-[INFO]-from org.apache.coyote.http11.Http11NioProtocol in restartedMain 
Starting ProtocolHandler ["http-nio-8080"]

2023-03-06 15:22:50,749-[INFO]-from org.springframework.boot.web.embedded.tomcat.TomcatWebServer in restartedMain 
Tomcat started on port(s): 8080 (http) with context path ''

2023-03-06 15:22:50,758-[INFO]-from edu.carroll.dogtag.DogtagAppApplication in restartedMain 
Started DogtagAppApplication in 2.966 seconds (process running for 3.657)

2023-03-06 15:23:01,496-[INFO]-from org.apache.catalina.core.ContainerBase.[Tomcat].[localhost].[/] in http-nio-8080-exec-1 
Initializing Spring DispatcherServlet 'dispatcherServlet'

2023-03-06 15:23:01,496-[INFO]-from org.springframework.web.servlet.DispatcherServlet in http-nio-8080-exec-1 
Initializing Servlet 'dispatcherServlet'

2023-03-06 15:23:01,497-[INFO]-from org.springframework.web.servlet.DispatcherServlet in http-nio-8080-exec-1 
Completed initialization in 1 ms

2023-03-06 15:23:01,519-[INFO]-from edu.carroll.dogtag.web.controller.RegisterController in http-nio-8080-exec-1 
Register page loaded

2023-03-06 15:23:07,065-[INFO]-from edu.carroll.dogtag.web.form.RegisterForm in http-nio-8080-exec-2 
Did not meet user name min or max requirements

2023-03-06 15:23:07,090-[INFO]-from edu.carroll.dogtag.web.controller.RegisterController in http-nio-8080-exec-2 
Logging info for dd registration

2023-03-06 15:26:30,925-[INFO]-from org.springframework.orm.jpa.LocalContainerEntityManagerFactoryBean in SpringApplicationShutdownHook 
Closing JPA EntityManagerFactory for persistence unit 'default'

2023-03-06 15:26:30,928-[INFO]-from com.zaxxer.hikari.HikariDataSource in SpringApplicationShutdownHook 
HikariPool-1 - Shutdown initiated...

2023-03-06 15:26:30,930-[INFO]-from com.zaxxer.hikari.HikariDataSource in SpringApplicationShutdownHook 
HikariPool-1 - Shutdown completed.

