2023-03-04 21:17:12,382-[INFO]-from org.hibernate.validator.internal.util.Version in background-preinit 
HV000001: Hibernate Validator 8.0.0.Final

2023-03-04 21:17:12,429-[INFO]-from edu.carroll.dogtag.DogtagAppApplication in restartedMain 
Starting DogtagAppApplication using Java 19.0.2 with PID 1168 (/Users/dustingardner/School Spring 2023/CS-389/build/classes/java/main started by dustingardner in /Users/dustingardner/School Spring 2023/CS-389)

2023-03-04 21:17:12,430-[INFO]-from edu.carroll.dogtag.DogtagAppApplication in restartedMain 
No active profile set, falling back to 1 default profile: "default"

2023-03-04 21:17:12,481-[INFO]-from org.springframework.boot.devtools.env.DevToolsPropertyDefaultsPostProcessor in restartedMain 
Devtools property defaults active! Set 'spring.devtools.add-properties' to 'false' to disable

2023-03-04 21:17:12,481-[INFO]-from org.springframework.boot.devtools.env.DevToolsPropertyDefaultsPostProcessor in restartedMain 
For additional web related logging consider setting the 'logging.level.web' property to 'DEBUG'

2023-03-04 21:17:13,148-[INFO]-from org.springframework.data.repository.config.RepositoryConfigurationDelegate in restartedMain 
Bootstrapping Spring Data JPA repositories in DEFAULT mode.

2023-03-04 21:17:13,215-[INFO]-from org.springframework.data.repository.config.RepositoryConfigurationDelegate in restartedMain 
Finished Spring Data repository scanning in 57 ms. Found 4 JPA repository interfaces.

2023-03-04 21:17:13,815-[INFO]-from org.springframework.boot.web.embedded.tomcat.TomcatWebServer in restartedMain 
Tomcat initialized with port(s): 8080 (http)

2023-03-04 21:17:13,828-[INFO]-from org.apache.coyote.http11.Http11NioProtocol in restartedMain 
Initializing ProtocolHandler ["http-nio-8080"]

2023-03-04 21:17:13,828-[INFO]-from org.apache.catalina.core.StandardService in restartedMain 
Starting service [Tomcat]

2023-03-04 21:17:13,828-[INFO]-from org.apache.catalina.core.StandardEngine in restartedMain 
Starting Servlet engine: [Apache Tomcat/10.1.5]

2023-03-04 21:17:13,886-[INFO]-from org.apache.catalina.core.ContainerBase.[Tomcat].[localhost].[/] in restartedMain 
Initializing Spring embedded WebApplicationContext

2023-03-04 21:17:13,887-[INFO]-from org.springframework.boot.web.servlet.context.ServletWebServerApplicationContext in restartedMain 
Root WebApplicationContext: initialization completed in 1406 ms

2023-03-04 21:17:14,029-[INFO]-from org.hibernate.jpa.internal.util.LogHelper in restartedMain 
HHH000204: Processing PersistenceUnitInfo [name: default]

2023-03-04 21:17:14,104-[INFO]-from org.hibernate.Version in restartedMain 
HHH000412: Hibernate ORM core version 6.1.6.Final

2023-03-04 21:17:14,332-[WARN]-from org.hibernate.orm.deprecation in restartedMain 
HHH90000021: Encountered deprecated setting [javax.persistence.sharedCache.mode], use [jakarta.persistence.sharedCache.mode] instead

2023-03-04 21:17:14,485-[INFO]-from com.zaxxer.hikari.HikariDataSource in restartedMain 
HikariPool-1 - Starting...

2023-03-04 21:17:14,580-[INFO]-from com.zaxxer.hikari.pool.HikariPool in restartedMain 
HikariPool-1 - Added connection org.mariadb.jdbc.Connection@459bc534

2023-03-04 21:17:14,581-[INFO]-from com.zaxxer.hikari.HikariDataSource in restartedMain 
HikariPool-1 - Start completed.

2023-03-04 21:17:14,607-[INFO]-from SQL dialect in restartedMain 
HHH000400: Using dialect: org.hibernate.dialect.MariaDB103Dialect

2023-03-04 21:17:14,607-[WARN]-from org.hibernate.orm.deprecation in restartedMain 
HHH90000026: MariaDB103Dialect has been deprecated; use org.hibernate.dialect.MariaDBDialect instead

2023-03-04 21:17:15,473-[INFO]-from org.hibernate.engine.transaction.jta.platform.internal.JtaPlatformInitiator in restartedMain 
HHH000490: Using JtaPlatform implementation: [org.hibernate.engine.transaction.jta.platform.internal.NoJtaPlatform]

2023-03-04 21:17:15,482-[INFO]-from org.springframework.orm.jpa.LocalContainerEntityManagerFactoryBean in restartedMain 
Initialized JPA EntityManagerFactory for persistence unit 'default'

2023-03-04 21:17:15,875-[WARN]-from org.springframework.boot.autoconfigure.orm.jpa.JpaBaseConfiguration$JpaWebConfiguration in restartedMain 
spring.jpa.open-in-view is enabled by default. Therefore, database queries may be performed during view rendering. Explicitly configure spring.jpa.open-in-view to disable this warning

2023-03-04 21:17:16,008-[INFO]-from org.springframework.boot.autoconfigure.web.servlet.WelcomePageHandlerMapping in restartedMain 
Adding welcome page template: index

2023-03-04 21:17:16,201-[INFO]-from org.springframework.boot.devtools.autoconfigure.OptionalLiveReloadServer in restartedMain 
LiveReload server is running on port 35729

2023-03-04 21:17:16,217-[INFO]-from org.apache.coyote.http11.Http11NioProtocol in restartedMain 
Starting ProtocolHandler ["http-nio-8080"]

2023-03-04 21:17:16,229-[INFO]-from org.springframework.boot.web.embedded.tomcat.TomcatWebServer in restartedMain 
Tomcat started on port(s): 8080 (http) with context path ''

2023-03-04 21:17:16,237-[INFO]-from edu.carroll.dogtag.DogtagAppApplication in restartedMain 
Started DogtagAppApplication in 4.309 seconds (process running for 5.236)

2023-03-04 21:17:19,132-[INFO]-from org.springframework.orm.jpa.LocalContainerEntityManagerFactoryBean in SpringApplicationShutdownHook 
Closing JPA EntityManagerFactory for persistence unit 'default'

2023-03-04 21:17:19,135-[INFO]-from com.zaxxer.hikari.HikariDataSource in SpringApplicationShutdownHook 
HikariPool-1 - Shutdown initiated...

2023-03-04 21:17:19,140-[INFO]-from com.zaxxer.hikari.HikariDataSource in SpringApplicationShutdownHook 
HikariPool-1 - Shutdown completed.

